#
# There is insufficient memory for the Java Runtime Environment to continue.
# Native memory allocation (malloc) failed to allocate 1048576 bytes. Error detail: AllocateHeap
# Possible reasons:
#   The system is out of physical RAM or swap space
#   This process is running with CompressedOops enabled, and the Java Heap may be blocking the growth of the native heap
# Possible solutions:
#   Reduce memory load on the system
#   Increase physical memory or swap space
#   Check if swap backing store is full
#   Decrease Java heap size (-Xmx/-Xms)
#   Decrease number of Java threads
#   Decrease Java thread stack sizes (-Xss)
#   Set larger code cache with -XX:ReservedCodeCacheSize=
#   JVM is running with Unscaled Compressed Oops mode in which the Java heap is
#     placed in the first 4GB address space. The Java Heap base address is the
#     maximum limit for the native heap growth. Please use -XX:HeapBaseMinAddress
#     to set the Java Heap base and to place the Java Heap above 4GB virtual address.
# This output file may be truncated or incomplete.
#
#  Out of Memory Error (allocation.cpp:44), pid=19196, tid=8676
#
# JRE version: OpenJDK Runtime Environment Temurin-21.0.8+9 (21.0.8+9) (build 21.0.8+9-LTS)
# Java VM: OpenJDK 64-Bit Server VM Temurin-21.0.8+9 (21.0.8+9-LTS, mixed mode, sharing, tiered, compressed oops, compressed class ptrs, parallel gc, windows-amd64)
# No core dump will be written. Minidumps are not enabled by default on client versions of Windows
#

---------------  S U M M A R Y ------------

Command Line: --add-modules=ALL-SYSTEM --add-opens=java.base/java.util=ALL-UNNAMED --add-opens=java.base/java.lang=ALL-UNNAMED --add-opens=java.base/sun.nio.fs=ALL-UNNAMED -Declipse.application=org.eclipse.jdt.ls.core.id1 -Dosgi.bundles.defaultStartLevel=4 -Declipse.product=org.eclipse.jdt.ls.core.product -Djava.import.generatesMetadataFilesAtProjectRoot=false -DDetectVMInstallationsJob.disabled=true -Dfile.encoding=utf8 -XX:+UseParallelGC -XX:GCTimeRatio=4 -XX:AdaptiveSizePolicyWeight=90 -Dsun.zip.disableMemoryMapping=true -Xmx2G -Xms100m -Xlog:disable -javaagent:c:\Users\ASUS\.vscode\extensions\redhat.java-1.44.0-win32-x64\lombok\lombok-1.18.39-4050.jar -XX:+HeapDumpOnOutOfMemoryError -XX:HeapDumpPath=c:\Users\ASUS\AppData\Roaming\Code\User\workspaceStorage\99924698091601af383fcb7a07f3658c\redhat.java -Daether.dependencyCollector.impl=bf c:\Users\ASUS\.vscode\extensions\redhat.java-1.44.0-win32-x64\server\plugins\org.eclipse.equinox.launcher_1.7.0.v20250519-0528.jar -configuration c:\Users\ASUS\AppData\Roaming\Code\User\globalStorage\redhat.java\1.44.0\config_win -data c:\Users\ASUS\AppData\Roaming\Code\User\workspaceStorage\99924698091601af383fcb7a07f3658c\redhat.java\jdt_ws --pipe=\\.\pipe\lsp-87796b50a42b595f4ce79255e2eca623-sock

Host: AMD Ryzen 7 5700U with Radeon Graphics         , 16 cores, 7G,  Windows 11 , 64 bit Build 26100 (10.0.26100.4768)
Time: Sat Aug  2 16:06:11 2025 Sri Lanka Standard Time elapsed time: 184.359526 seconds (0d 0h 3m 4s)

---------------  T H R E A D  ---------------

Current thread (0x0000012873137410):  JavaThread "Attach Listener" daemon [_thread_in_vm, id=8676, stack(0x00000004a0000000,0x00000004a0100000) (1024K)]

Stack: [0x00000004a0000000,0x00000004a0100000]
Native frames: (J=compiled Java code, j=interpreted, Vv=VM code, C=native code)
V  [jvm.dll+0x6d2449]
V  [jvm.dll+0x8ae341]
V  [jvm.dll+0x8b08be]
V  [jvm.dll+0x8b0fa3]
V  [jvm.dll+0x280c96]
V  [jvm.dll+0xc0347]
V  [jvm.dll+0x6d2cf9]
V  [jvm.dll+0x131116]
V  [jvm.dll+0x3f2d16]
V  [jvm.dll+0x857e6b]
V  [jvm.dll+0x6d0b0d]
C  [ucrtbase.dll+0x37b0]
C  [KERNEL32.DLL+0x2e8d7]
C  [ntdll.dll+0x3c34c]


---------------  P R O C E S S  ---------------

Threads class SMR info:
_java_thread_list=0x0000012874562b80, length=79, elements={
0x000001285c6aec90, 0x000001287312b4a0, 0x000001285c75d250, 0x0000012873132a10,
0x0000012873137410, 0x0000012873138d80, 0x000001287313a8c0, 0x000001287313e7f0,
0x00000128744fec30, 0x000001285c714350, 0x000001287a0111a0, 0x000001287a81c6b0,
0x000001287a8df5e0, 0x000001287ab2f810, 0x000001287a8d5640, 0x000001287ab55d80,
0x000001287b1a4850, 0x0000012874806270, 0x0000012874806900, 0x0000012874807620,
0x0000012874807cb0, 0x0000012874805be0, 0x0000012874805550, 0x000001287ce52e50,
0x000001287ce51410, 0x000001287ce54200, 0x000001287ce52130, 0x000001287ce534e0,
0x000001287ce527c0, 0x000001287ce53b70, 0x000001287ce54890, 0x000001287d455e60,
0x000001287d453070, 0x000001287d453d90, 0x000001287d454ab0, 0x000001287d455140,
0x000001287d454420, 0x000001287d4557d0, 0x000001287d4564f0, 0x000001287d456b80,
0x000001287d453700, 0x000001287d4585c0, 0x000001287d458c50, 0x000001287d4578a0,
0x000001287d457210, 0x000001287d457f30, 0x000001287d4592e0, 0x000001287d459970,
0x000001287d45a000, 0x000001287c388910, 0x000001287c388fa0, 0x000001287c389630,
0x000001287c389cc0, 0x000001287c38a9e0, 0x000001287c387bf0, 0x000001287c387560,
0x000001287c38b070, 0x000001287ea6f570, 0x000001287ea70fb0, 0x000001287ea6e1c0,
0x000001287ea71cd0, 0x000001287ea70290, 0x000001287ea6e850, 0x000001287ea71640,
0x000001287ea70920, 0x000001287ea72360, 0x000001287ea6eee0, 0x000001287ea73da0,
0x000001287ea75150, 0x000001287ea74ac0, 0x000001287c388280, 0x000001287c38b700,
0x000001287c38e4f0, 0x000001287c38bd90, 0x000001287c38cab0, 0x000001287c38d140,
0x000001287c38d7d0, 0x000001287c38de60, 0x000001287ea729f0
}

Java Threads: ( => current thread )
  0x000001285c6aec90 JavaThread "main"                              [_thread_blocked, id=22664, stack(0x000000049f900000,0x000000049fa00000) (1024K)]
  0x000001287312b4a0 JavaThread "Reference Handler"          daemon [_thread_blocked, id=3748, stack(0x000000049fd00000,0x000000049fe00000) (1024K)]
  0x000001285c75d250 JavaThread "Finalizer"                  daemon [_thread_blocked, id=18324, stack(0x000000049fe00000,0x000000049ff00000) (1024K)]
  0x0000012873132a10 JavaThread "Signal Dispatcher"          daemon [_thread_blocked, id=18720, stack(0x000000049ff00000,0x00000004a0000000) (1024K)]
=>0x0000012873137410 JavaThread "Attach Listener"            daemon [_thread_in_vm, id=8676, stack(0x00000004a0000000,0x00000004a0100000) (1024K)]
  0x0000012873138d80 JavaThread "Service Thread"             daemon [_thread_blocked, id=18848, stack(0x00000004a0100000,0x00000004a0200000) (1024K)]
  0x000001287313a8c0 JavaThread "Monitor Deflation Thread"   daemon [_thread_blocked, id=12776, stack(0x00000004a0200000,0x00000004a0300000) (1024K)]
  0x000001287313e7f0 JavaThread "C2 CompilerThread0"         daemon [_thread_blocked, id=2992, stack(0x00000004a0300000,0x00000004a0400000) (1024K)]
  0x00000128744fec30 JavaThread "C1 CompilerThread0"         daemon [_thread_blocked, id=7336, stack(0x00000004a0400000,0x00000004a0500000) (1024K)]
  0x000001285c714350 JavaThread "Common-Cleaner"             daemon [_thread_blocked, id=11412, stack(0x00000004a0500000,0x00000004a0600000) (1024K)]
  0x000001287a0111a0 JavaThread "Notification Thread"        daemon [_thread_blocked, id=17488, stack(0x00000004a0800000,0x00000004a0900000) (1024K)]
  0x000001287a81c6b0 JavaThread "Active Thread: Equinox Container: c1f8ee91-4068-4480-938c-750ac69c6740"        [_thread_blocked, id=13036, stack(0x00000004a0f00000,0x00000004a1000000) (1024K)]
  0x000001287a8df5e0 JavaThread "Refresh Thread: Equinox Container: c1f8ee91-4068-4480-938c-750ac69c6740" daemon [_thread_blocked, id=13256, stack(0x00000004a1100000,0x00000004a1200000) (1024K)]
  0x000001287ab2f810 JavaThread "Framework Event Dispatcher: Equinox Container: c1f8ee91-4068-4480-938c-750ac69c6740" daemon [_thread_blocked, id=21620, stack(0x00000004a1200000,0x00000004a1300000) (1024K)]
  0x000001287a8d5640 JavaThread "Start Level: Equinox Container: c1f8ee91-4068-4480-938c-750ac69c6740" daemon [_thread_blocked, id=16680, stack(0x00000004a1300000,0x00000004a1400000) (1024K)]
  0x000001287ab55d80 JavaThread "Bundle File Closer"         daemon [_thread_blocked, id=21060, stack(0x00000004a1600000,0x00000004a1700000) (1024K)]
  0x000001287b1a4850 JavaThread "SCR Component Actor"        daemon [_thread_blocked, id=19604, stack(0x00000004a1800000,0x00000004a1900000) (1024K)]
  0x0000012874806270 JavaThread "Worker-JM"                         [_thread_blocked, id=15464, stack(0x00000004a1a00000,0x00000004a1b00000) (1024K)]
  0x0000012874806900 JavaThread "JNA Cleaner"                daemon [_thread_blocked, id=840, stack(0x00000004a0600000,0x00000004a0700000) (1024K)]
  0x0000012874807620 JavaThread "Worker-1: Refreshing workspace"        [_thread_blocked, id=25352, stack(0x00000004a1d00000,0x00000004a1e00000) (1024K)]
  0x0000012874807cb0 JavaThread "Worker-2: Initialize workspace"        [_thread_blocked, id=6920, stack(0x00000004a2000000,0x00000004a2100000) (1024K)]
  0x0000012874805be0 JavaThread "Java indexing"              daemon [_thread_blocked, id=4984, stack(0x00000004a2100000,0x00000004a2200000) (1024K)]
  0x0000012874805550 JavaThread "Worker-4: Synchronize Gradle projects with workspace"        [_thread_blocked, id=18652, stack(0x00000004a2500000,0x00000004a2600000) (1024K)]
  0x000001287ce52e50 JavaThread "Worker-6"                          [_thread_blocked, id=1396, stack(0x00000004a2700000,0x00000004a2800000) (1024K)]
  0x000001287ce51410 JavaThread "Thread-2"                   daemon [_thread_in_native, id=12772, stack(0x00000004a2800000,0x00000004a2900000) (1024K)]
  0x000001287ce54200 JavaThread "Thread-3"                   daemon [_thread_in_native, id=5444, stack(0x00000004a2900000,0x00000004a2a00000) (1024K)]
  0x000001287ce52130 JavaThread "Thread-4"                   daemon [_thread_in_native, id=14140, stack(0x00000004a2a00000,0x00000004a2b00000) (1024K)]
  0x000001287ce534e0 JavaThread "Thread-5"                   daemon [_thread_in_native, id=10480, stack(0x00000004a2b00000,0x00000004a2c00000) (1024K)]
  0x000001287ce527c0 JavaThread "Thread-6"                   daemon [_thread_in_native, id=20788, stack(0x00000004a2c00000,0x00000004a2d00000) (1024K)]
  0x000001287ce53b70 JavaThread "Thread-7"                   daemon [_thread_in_native, id=15572, stack(0x00000004a2d00000,0x00000004a2e00000) (1024K)]
  0x000001287ce54890 JavaThread "Thread-8"                   daemon [_thread_in_native, id=24904, stack(0x00000004a2e00000,0x00000004a2f00000) (1024K)]
  0x000001287d455e60 JavaThread "Thread-9"                   daemon [_thread_in_native, id=3888, stack(0x00000004a2f00000,0x00000004a3000000) (1024K)]
  0x000001287d453070 JavaThread "Thread-10"                  daemon [_thread_in_native, id=5756, stack(0x00000004a3000000,0x00000004a3100000) (1024K)]
  0x000001287d453d90 JavaThread "Thread-11"                  daemon [_thread_in_native, id=14092, stack(0x00000004a3100000,0x00000004a3200000) (1024K)]
  0x000001287d454ab0 JavaThread "Thread-12"                  daemon [_thread_in_native, id=21148, stack(0x00000004a3200000,0x00000004a3300000) (1024K)]
  0x000001287d455140 JavaThread "Thread-13"                  daemon [_thread_in_native, id=3572, stack(0x00000004a3300000,0x00000004a3400000) (1024K)]
  0x000001287d454420 JavaThread "Thread-14"                  daemon [_thread_in_native, id=21768, stack(0x00000004a3400000,0x00000004a3500000) (1024K)]
  0x000001287d4557d0 JavaThread "Thread-15"                  daemon [_thread_in_native, id=19436, stack(0x00000004a3500000,0x00000004a3600000) (1024K)]
  0x000001287d4564f0 JavaThread "Thread-16"                  daemon [_thread_in_native, id=20832, stack(0x00000004a3600000,0x00000004a3700000) (1024K)]
  0x000001287d456b80 JavaThread "Thread-17"                  daemon [_thread_in_native, id=20560, stack(0x00000004a3700000,0x00000004a3800000) (1024K)]
  0x000001287d453700 JavaThread "Thread-18"                  daemon [_thread_in_native, id=21292, stack(0x00000004a3800000,0x00000004a3900000) (1024K)]
  0x000001287d4585c0 JavaThread "pool-2-thread-1"                   [_thread_blocked, id=4916, stack(0x00000004a3900000,0x00000004a3a00000) (1024K)]
  0x000001287d458c50 JavaThread "Timer-0"                           [_thread_blocked, id=14608, stack(0x00000004a3a00000,0x00000004a3b00000) (1024K)]
  0x000001287d4578a0 JavaThread "Timer-1"                           [_thread_blocked, id=22564, stack(0x00000004a3b00000,0x00000004a3c00000) (1024K)]
  0x000001287d457210 JavaThread "Timer-2"                           [_thread_blocked, id=23200, stack(0x00000004a3c00000,0x00000004a3d00000) (1024K)]
  0x000001287d457f30 JavaThread "Timer-3"                           [_thread_blocked, id=4668, stack(0x00000004a3d00000,0x00000004a3e00000) (1024K)]
  0x000001287d4592e0 JavaThread "Worker-7"                          [_thread_blocked, id=20160, stack(0x00000004a3e00000,0x00000004a3f00000) (1024K)]
  0x000001287d459970 JavaThread "WorkspaceEventsHandler"            [_thread_blocked, id=11384, stack(0x00000004a3f00000,0x00000004a4000000) (1024K)]
  0x000001287d45a000 JavaThread "pool-1-thread-1"                   [_thread_blocked, id=18688, stack(0x00000004a4000000,0x00000004a4100000) (1024K)]
  0x000001287c388910 JavaThread "Worker-8"                          [_thread_blocked, id=18772, stack(0x00000004a4300000,0x00000004a4400000) (1024K)]
  0x000001287c388fa0 JavaThread "Timer-4"                           [_thread_blocked, id=16940, stack(0x00000004a4100000,0x00000004a4200000) (1024K)]
  0x000001287c389630 JavaThread "Timer-5"                           [_thread_blocked, id=25244, stack(0x00000004a4200000,0x00000004a4300000) (1024K)]
  0x000001287c389cc0 JavaThread "Timer-6"                           [_thread_blocked, id=21092, stack(0x00000004a4600000,0x00000004a4700000) (1024K)]
  0x000001287c38a9e0 JavaThread "Timer-7"                           [_thread_blocked, id=9388, stack(0x00000004a4700000,0x00000004a4800000) (1024K)]
  0x000001287c387bf0 JavaThread "Timer-8"                           [_thread_blocked, id=20028, stack(0x00000004a4800000,0x00000004a4900000) (1024K)]
  0x000001287c387560 JavaThread "Timer-9"                           [_thread_blocked, id=12592, stack(0x00000004a1900000,0x00000004a1a00000) (1024K)]
  0x000001287c38b070 JavaThread "Timer-10"                          [_thread_blocked, id=23752, stack(0x00000004a4900000,0x00000004a4a00000) (1024K)]
  0x000001287ea6f570 JavaThread "Timer-11"                          [_thread_blocked, id=15240, stack(0x00000004a1f00000,0x00000004a2000000) (1024K)]
  0x000001287ea70fb0 JavaThread "Timer-12"                          [_thread_blocked, id=14404, stack(0x00000004a4a00000,0x00000004a4b00000) (1024K)]
  0x000001287ea6e1c0 JavaThread "Timer-13"                          [_thread_blocked, id=9716, stack(0x00000004a4f00000,0x00000004a5000000) (1024K)]
  0x000001287ea71cd0 JavaThread "Timer-14"                          [_thread_blocked, id=13360, stack(0x00000004a5000000,0x00000004a5100000) (1024K)]
  0x000001287ea70290 JavaThread "Timer-15"                          [_thread_blocked, id=22592, stack(0x00000004a5100000,0x00000004a5200000) (1024K)]
  0x000001287ea6e850 JavaThread "Timer-16"                          [_thread_blocked, id=23348, stack(0x00000004a5200000,0x00000004a5300000) (1024K)]
  0x000001287ea71640 JavaThread "Timer-17"                          [_thread_blocked, id=9528, stack(0x00000004a4e00000,0x00000004a4f00000) (1024K)]
  0x000001287ea70920 JavaThread "Timer-18"                          [_thread_blocked, id=15100, stack(0x00000004a5300000,0x00000004a5400000) (1024K)]
  0x000001287ea72360 JavaThread "ForkJoinPool.commonPool-worker-1" daemon [_thread_blocked, id=17504, stack(0x00000004a2600000,0x00000004a2700000) (1024K)]
  0x000001287ea6eee0 JavaThread "ForkJoinPool.commonPool-worker-2" daemon [_thread_blocked, id=4468, stack(0x00000004a4500000,0x00000004a4600000) (1024K)]
  0x000001287ea73da0 JavaThread "Timer-19"                          [_thread_blocked, id=14304, stack(0x00000004a4b00000,0x00000004a4c00000) (1024K)]
  0x000001287ea75150 JavaThread "Timer-20"                          [_thread_blocked, id=14544, stack(0x00000004a4400000,0x00000004a4500000) (1024K)]
  0x000001287ea74ac0 JavaThread "Exec process Thread 4"             [_thread_blocked, id=11620, stack(0x00000004a5400000,0x00000004a5500000) (1024K)]
  0x000001287c388280 JavaThread "Exec process Thread 5"             [_thread_blocked, id=21464, stack(0x00000004a5500000,0x00000004a5600000) (1024K)]
  0x000001287c38b700 JavaThread "Exec process Thread 6"             [_thread_blocked, id=15168, stack(0x00000004a5600000,0x00000004a5700000) (1024K)]
  0x000001287c38e4f0 JavaThread "Timer-21"                          [_thread_blocked, id=18536, stack(0x000000049f700000,0x000000049f800000) (1024K)]
  0x000001287c38bd90 JavaThread "Timer-22"                          [_thread_blocked, id=10356, stack(0x000000049f800000,0x000000049f900000) (1024K)]
  0x000001287c38cab0 JavaThread "Timer-23"                          [_thread_blocked, id=5220, stack(0x00000004a2400000,0x00000004a2500000) (1024K)]
  0x000001287c38d140 JavaThread "Timer-24"                          [_thread_blocked, id=12972, stack(0x00000004a4d00000,0x00000004a4e00000) (1024K)]
  0x000001287c38d7d0 JavaThread "Timer-25"                          [_thread_blocked, id=25348, stack(0x00000004a2300000,0x00000004a2400000) (1024K)]
  0x000001287c38de60 JavaThread "Connection worker"                 [_thread_blocked, id=14400, stack(0x00000004a4c00000,0x00000004a4d00000) (1024K)]
  0x000001287ea729f0 JavaThread "pool-10-thread-1"                  [_thread_blocked, id=24948, stack(0x00000004a5700000,0x00000004a5800000) (1024K)]
Total: 79

Other Threads:
  0x0000012873120bd0 VMThread "VM Thread"                           [id=21672, stack(0x000000049fc00000,0x000000049fd00000) (1024K)] _threads_hazard_ptr=0x0000012874562b80
  0x000001287301ca00 WatcherThread "VM Periodic Task Thread"        [id=11468, stack(0x000000049fb00000,0x000000049fc00000) (1024K)]
  0x000001285c6c6150 WorkerThread "GC Thread#0"                     [id=2916, stack(0x000000049fa00000,0x000000049fb00000) (1024K)]
  0x000001287a216930 WorkerThread "GC Thread#1"                     [id=8044, stack(0x00000004a0900000,0x00000004a0a00000) (1024K)]
  0x000001287a2b8c90 WorkerThread "GC Thread#2"                     [id=25492, stack(0x00000004a0a00000,0x00000004a0b00000) (1024K)]
  0x000001287a2b9030 WorkerThread "GC Thread#3"                     [id=19288, stack(0x00000004a0b00000,0x00000004a0c00000) (1024K)]
  0x000001287a25a330 WorkerThread "GC Thread#4"                     [id=17856, stack(0x00000004a0c00000,0x00000004a0d00000) (1024K)]
  0x000001287a25a6d0 WorkerThread "GC Thread#5"                     [id=4764, stack(0x00000004a0d00000,0x00000004a0e00000) (1024K)]
  0x000001287a2c9840 WorkerThread "GC Thread#6"                     [id=8520, stack(0x00000004a0e00000,0x00000004a0f00000) (1024K)]
  0x000001287a2c9f80 WorkerThread "GC Thread#7"                     [id=7456, stack(0x00000004a1000000,0x00000004a1100000) (1024K)]
  0x000001287a2caa60 WorkerThread "GC Thread#8"                     [id=25256, stack(0x00000004a0700000,0x00000004a0800000) (1024K)]
  0x000001287a2ca6c0 WorkerThread "GC Thread#9"                     [id=14392, stack(0x00000004a1400000,0x00000004a1500000) (1024K)]
  0x000001287a2c9100 WorkerThread "GC Thread#10"                    [id=20188, stack(0x00000004a1500000,0x00000004a1600000) (1024K)]
  0x0000012874820f80 WorkerThread "GC Thread#11"                    [id=24248, stack(0x00000004a1b00000,0x00000004a1c00000) (1024K)]
  0x0000012874820840 WorkerThread "GC Thread#12"                    [id=22824, stack(0x00000004a1c00000,0x00000004a1d00000) (1024K)]
Total: 15

Threads with active compile tasks:
C2 CompilerThread0  184384 13472       4       org.gradle.tooling.internal.provider.LoggingBridgingBuildActionExecuter$OutputEventListenerAdapter::onOutput (45 bytes)
C1 CompilerThread0  184384 13478   !   3       jdk.internal.reflect.GeneratedSerializationConstructorAccessor103::newInstance (49 bytes)
Total: 2

VM state: synchronizing (normal execution)

VM Mutex/Monitor currently owned by a thread:  ([mutex/lock_event])
[0x00007ffe89875458] Threads_lock - owner thread: 0x0000012873120bd0
[0x00007ffe89875558] Heap_lock - owner thread: 0x000001287c38de60

Heap address: 0x0000000080000000, size: 2048 MB, Compressed Oops mode: 32-bit

CDS archive(s) mapped at: [0x0000012800000000-0x0000012800ba0000-0x0000012800ba0000), size 12189696, SharedBaseAddress: 0x0000012800000000, ArchiveRelocationMode: 1.
Compressed class space mapped at: 0x0000012801000000-0x0000012841000000, reserved size: 1073741824
Narrow klass base: 0x0000012800000000, Narrow klass shift: 0, Narrow klass range: 0x100000000

GC Precious Log:
 CardTable entry size: 512
 CPUs: 16 total, 16 available
 Memory: 7563M
 Large Page Support: Disabled
 NUMA Support: Disabled
 Compressed Oops: Enabled (32-bit)
 Alignments: Space 512K, Generation 512K, Heap 2M
 Heap Min Capacity: 100M
 Heap Initial Capacity: 100M
 Heap Max Capacity: 2G
 Pre-touch: Disabled
 Parallel Workers: 13

Heap:
 PSYoungGen      total 11776K, used 11520K [0x00000000d5580000, 0x00000000d6800000, 0x0000000100000000)
  eden space 11264K, 100% used [0x00000000d5580000,0x00000000d6080000,0x00000000d6080000)
  from space 512K, 50% used [0x00000000d6700000,0x00000000d6740000,0x00000000d6780000)
  to   space 512K, 0% used [0x00000000d6780000,0x00000000d6780000,0x00000000d6800000)
 ParOldGen       total 690688K, used 690509K [0x0000000080000000, 0x00000000aa280000, 0x00000000d5580000)
  object space 690688K, 99% used [0x0000000080000000,0x00000000aa253720,0x00000000aa280000)
 Metaspace       used 76445K, committed 78144K, reserved 1179648K
  class space    used 9418K, committed 10176K, reserved 1048576K

Card table byte_map: [0x000001285c060000,0x000001285c470000] _byte_map_base: 0x000001285bc60000

Marking Bits: (ParMarkBitMap*) 0x00007ffe8987a340
 Begin Bits: [0x000001286eb40000, 0x0000012870b40000)
 End Bits:   [0x0000012870b40000, 0x0000012872b40000)

Polling page: 0x000001285a920000

Metaspace:

Usage:
  Non-class:     65.46 MB used.
      Class:      9.20 MB used.
       Both:     74.65 MB used.

Virtual space:
  Non-class space:      128.00 MB reserved,      66.38 MB ( 52%) committed,  2 nodes.
      Class space:        1.00 GB reserved,       9.94 MB ( <1%) committed,  1 nodes.
             Both:        1.12 GB reserved,      76.31 MB (  7%) committed. 

Chunk freelists:
   Non-Class:  12.83 MB
       Class:  6.09 MB
        Both:  18.91 MB

MaxMetaspaceSize: unlimited
CompressedClassSpaceSize: 1.00 GB
Initial GC threshold: 21.00 MB
Current GC threshold: 97.31 MB
CDS: on
 - commit_granule_bytes: 65536.
 - commit_granule_words: 8192.
 - virtual_space_node_default_size: 8388608.
 - enlarge_chunks_in_place: 1.
 - use_allocation_guard: 0.


Internal statistics:

num_allocs_failed_limit: 11.
num_arena_births: 1594.
num_arena_deaths: 40.
num_vsnodes_births: 3.
num_vsnodes_deaths: 0.
num_space_committed: 1221.
num_space_uncommitted: 0.
num_chunks_returned_to_freelist: 61.
num_chunks_taken_from_freelist: 5256.
num_chunk_merges: 16.
num_chunk_splits: 3113.
num_chunks_enlarged: 1620.
num_inconsistent_stats: 0.

CodeHeap 'non-profiled nmethods': size=119168Kb used=9491Kb max_used=9491Kb free=109676Kb
 bounds [0x0000012867430000, 0x0000012867d80000, 0x000001286e890000]
CodeHeap 'profiled nmethods': size=119104Kb used=25915Kb max_used=25915Kb free=93188Kb
 bounds [0x000001285f890000, 0x00000128611e0000, 0x0000012866ce0000]
CodeHeap 'non-nmethods': size=7488Kb used=1459Kb max_used=3186Kb free=6028Kb
 bounds [0x0000012866ce0000, 0x0000012867010000, 0x0000012867430000]
CodeCache: size=245760Kb, used=36865Kb, max_used=38592Kb, free=208892Kb
 total_blobs=13498, nmethods=12727, adapters=677, full_count=0
Compilation: enabled, stopped_count=0, restarted_count=0

Compilation events (20 events):
Event: 178.928 Thread 0x000001287313e7f0 13467       4       org.gradle.internal.logging.sink.OutputEventTransformer::onOutput (369 bytes)
Event: 179.182 Thread 0x000001287313e7f0 nmethod 13467 0x0000012867d6a190 code [0x0000012867d6a8e0, 0x0000012867d6ec18]
Event: 179.182 Thread 0x000001287313e7f0 13468   !   4       jdk.proxy9.$Proxy35::onOutput (34 bytes)
Event: 179.200 Thread 0x000001287313e7f0 nmethod 13468 0x0000012867d71c90 code [0x0000012867d71f00, 0x0000012867d72890]
Event: 182.763 Thread 0x000001287313e7f0 13469       4       org.gradle.internal.event.AbstractBroadcastDispatch::dispatch (65 bytes)
Event: 182.784 Thread 0x000001287313e7f0 nmethod 13469 0x0000012867d73110 code [0x0000012867d73320, 0x0000012867d73808]
Event: 183.002 Thread 0x00000128744fec30 13470       3       org.gradle.internal.logging.sink.GroupingProgressLogEventGenerator$OperationGroup::setStatus (11 bytes)
Event: 183.002 Thread 0x00000128744fec30 nmethod 13470 0x00000128611de990 code [0x00000128611deb20, 0x00000128611dec50]
Event: 183.449 Thread 0x000001287313e7f0 13471       4       org.eclipse.buildship.core.internal.util.progress.RateLimitingProgressMonitor::subTask (9 bytes)
Event: 183.450 Thread 0x000001287313e7f0 nmethod 13471 0x0000012867d73e90 code [0x0000012867d74020, 0x0000012867d740e8]
Event: 183.465 Thread 0x000001287313e7f0 13472       4       org.gradle.tooling.internal.provider.LoggingBridgingBuildActionExecuter$OutputEventListenerAdapter::onOutput (45 bytes)
Event: 183.520 Thread 0x00000128744fec30 13473       1       org.gradle.internal.build.event.types.DefaultTaskSuccessResult::isUpToDate (5 bytes)
Event: 183.520 Thread 0x00000128744fec30 nmethod 13473 0x0000012867d74190 code [0x0000012867d74320, 0x0000012867d743f0]
Event: 183.520 Thread 0x00000128744fec30 13474       1       org.gradle.internal.build.event.types.DefaultTaskSuccessResult::isFromCache (5 bytes)
Event: 183.520 Thread 0x00000128744fec30 nmethod 13474 0x0000012867d74490 code [0x0000012867d74620, 0x0000012867d746f0]
Event: 183.520 Thread 0x00000128744fec30 13475       1       org.gradle.internal.build.event.types.AbstractTaskResult::isIncremental (5 bytes)
Event: 183.521 Thread 0x00000128744fec30 nmethod 13475 0x0000012867d74790 code [0x0000012867d74920, 0x0000012867d749f0]
Event: 183.521 Thread 0x00000128744fec30 13476       1       org.gradle.internal.build.event.types.AbstractTaskResult::getExecutionReasons (5 bytes)
Event: 183.521 Thread 0x00000128744fec30 nmethod 13476 0x0000012867d74a90 code [0x0000012867d74c20, 0x0000012867d74ce8]
Event: 183.596 Thread 0x00000128744fec30 13478   !   3       jdk.internal.reflect.GeneratedSerializationConstructorAccessor103::newInstance (49 bytes)

GC Heap History (20 events):
Event: 176.624 GC heap before
{Heap before GC invocations=873 (full 3):
 PSYoungGen      total 11776K, used 11776K [0x00000000d5580000, 0x00000000d6a00000, 0x0000000100000000)
  eden space 11264K, 100% used [0x00000000d5580000,0x00000000d6080000,0x00000000d6080000)
  from space 512K, 100% used [0x00000000d6900000,0x00000000d6980000,0x00000000d6980000)
  to   space 512K, 0% used [0x00000000d6980000,0x00000000d6980000,0x00000000d6a00000)
 ParOldGen       total 685568K, used 685563K [0x0000000080000000, 0x00000000a9d80000, 0x00000000d5580000)
  object space 685568K, 99% used [0x0000000080000000,0x00000000a9d7ee90,0x00000000a9d80000)
 Metaspace       used 76391K, committed 78144K, reserved 1179648K
  class space    used 9416K, committed 10176K, reserved 1048576K
}
Event: 176.630 GC heap after
{Heap after GC invocations=873 (full 3):
 PSYoungGen      total 11776K, used 504K [0x00000000d5580000, 0x00000000d6a00000, 0x0000000100000000)
  eden space 11264K, 0% used [0x00000000d5580000,0x00000000d5580000,0x00000000d6080000)
  from space 512K, 98% used [0x00000000d6980000,0x00000000d69fe010,0x00000000d6a00000)
  to   space 3072K, 0% used [0x00000000d6400000,0x00000000d6400000,0x00000000d6700000)
 ParOldGen       total 688128K, used 687977K [0x0000000080000000, 0x00000000aa000000, 0x00000000d5580000)
  object space 688128K, 99% used [0x0000000080000000,0x00000000a9fda6b0,0x00000000aa000000)
 Metaspace       used 76391K, committed 78144K, reserved 1179648K
  class space    used 9416K, committed 10176K, reserved 1048576K
}
Event: 177.906 GC heap before
{Heap before GC invocations=874 (full 3):
 PSYoungGen      total 11776K, used 11768K [0x00000000d5580000, 0x00000000d6a00000, 0x0000000100000000)
  eden space 11264K, 100% used [0x00000000d5580000,0x00000000d6080000,0x00000000d6080000)
  from space 512K, 98% used [0x00000000d6980000,0x00000000d69fe010,0x00000000d6a00000)
  to   space 3072K, 0% used [0x00000000d6400000,0x00000000d6400000,0x00000000d6700000)
 ParOldGen       total 688128K, used 687977K [0x0000000080000000, 0x00000000aa000000, 0x00000000d5580000)
  object space 688128K, 99% used [0x0000000080000000,0x00000000a9fda6b0,0x00000000aa000000)
 Metaspace       used 76441K, committed 78144K, reserved 1179648K
  class space    used 9418K, committed 10176K, reserved 1048576K
}
Event: 177.912 GC heap after
{Heap after GC invocations=874 (full 3):
 PSYoungGen      total 14336K, used 1996K [0x00000000d5580000, 0x00000000d6a00000, 0x0000000100000000)
  eden space 11264K, 0% used [0x00000000d5580000,0x00000000d5580000,0x00000000d6080000)
  from space 3072K, 64% used [0x00000000d6400000,0x00000000d65f3030,0x00000000d6700000)
  to   space 2560K, 0% used [0x00000000d6780000,0x00000000d6780000,0x00000000d6a00000)
 ParOldGen       total 688640K, used 688425K [0x0000000080000000, 0x00000000aa080000, 0x00000000d5580000)
  object space 688640K, 99% used [0x0000000080000000,0x00000000aa04a6b0,0x00000000aa080000)
 Metaspace       used 76441K, committed 78144K, reserved 1179648K
  class space    used 9418K, committed 10176K, reserved 1048576K
}
Event: 178.048 GC heap before
{Heap before GC invocations=875 (full 3):
 PSYoungGen      total 14336K, used 13260K [0x00000000d5580000, 0x00000000d6a00000, 0x0000000100000000)
  eden space 11264K, 100% used [0x00000000d5580000,0x00000000d6080000,0x00000000d6080000)
  from space 3072K, 64% used [0x00000000d6400000,0x00000000d65f3030,0x00000000d6700000)
  to   space 2560K, 0% used [0x00000000d6780000,0x00000000d6780000,0x00000000d6a00000)
 ParOldGen       total 688640K, used 688425K [0x0000000080000000, 0x00000000aa080000, 0x00000000d5580000)
  object space 688640K, 99% used [0x0000000080000000,0x00000000aa04a6b0,0x00000000aa080000)
 Metaspace       used 76441K, committed 78144K, reserved 1179648K
  class space    used 9418K, committed 10176K, reserved 1048576K
}
Event: 178.053 GC heap after
{Heap after GC invocations=875 (full 3):
 PSYoungGen      total 11776K, used 160K [0x00000000d5580000, 0x00000000d6800000, 0x0000000100000000)
  eden space 11264K, 0% used [0x00000000d5580000,0x00000000d5580000,0x00000000d6080000)
  from space 512K, 31% used [0x00000000d6780000,0x00000000d67a8000,0x00000000d6800000)
  to   space 1024K, 0% used [0x00000000d6600000,0x00000000d6600000,0x00000000d6700000)
 ParOldGen       total 690688K, used 690229K [0x0000000080000000, 0x00000000aa280000, 0x00000000d5580000)
  object space 690688K, 99% used [0x0000000080000000,0x00000000aa20d720,0x00000000aa280000)
 Metaspace       used 76441K, committed 78144K, reserved 1179648K
  class space    used 9418K, committed 10176K, reserved 1048576K
}
Event: 178.156 GC heap before
{Heap before GC invocations=876 (full 3):
 PSYoungGen      total 11776K, used 11424K [0x00000000d5580000, 0x00000000d6800000, 0x0000000100000000)
  eden space 11264K, 100% used [0x00000000d5580000,0x00000000d6080000,0x00000000d6080000)
  from space 512K, 31% used [0x00000000d6780000,0x00000000d67a8000,0x00000000d6800000)
  to   space 1024K, 0% used [0x00000000d6600000,0x00000000d6600000,0x00000000d6700000)
 ParOldGen       total 690688K, used 690229K [0x0000000080000000, 0x00000000aa280000, 0x00000000d5580000)
  object space 690688K, 99% used [0x0000000080000000,0x00000000aa20d720,0x00000000aa280000)
 Metaspace       used 76441K, committed 78144K, reserved 1179648K
  class space    used 9418K, committed 10176K, reserved 1048576K
}
Event: 178.158 GC heap after
{Heap after GC invocations=876 (full 3):
 PSYoungGen      total 12288K, used 224K [0x00000000d5580000, 0x00000000d6800000, 0x0000000100000000)
  eden space 11264K, 0% used [0x00000000d5580000,0x00000000d5580000,0x00000000d6080000)
  from space 1024K, 21% used [0x00000000d6600000,0x00000000d6638000,0x00000000d6700000)
  to   space 512K, 0% used [0x00000000d6780000,0x00000000d6780000,0x00000000d6800000)
 ParOldGen       total 690688K, used 690237K [0x0000000080000000, 0x00000000aa280000, 0x00000000d5580000)
  object space 690688K, 99% used [0x0000000080000000,0x00000000aa20f720,0x00000000aa280000)
 Metaspace       used 76441K, committed 78144K, reserved 1179648K
  class space    used 9418K, committed 10176K, reserved 1048576K
}
Event: 178.294 GC heap before
{Heap before GC invocations=877 (full 3):
 PSYoungGen      total 12288K, used 11488K [0x00000000d5580000, 0x00000000d6800000, 0x0000000100000000)
  eden space 11264K, 100% used [0x00000000d5580000,0x00000000d6080000,0x00000000d6080000)
  from space 1024K, 21% used [0x00000000d6600000,0x00000000d6638000,0x00000000d6700000)
  to   space 512K, 0% used [0x00000000d6780000,0x00000000d6780000,0x00000000d6800000)
 ParOldGen       total 690688K, used 690237K [0x0000000080000000, 0x00000000aa280000, 0x00000000d5580000)
  object space 690688K, 99% used [0x0000000080000000,0x00000000aa20f720,0x00000000aa280000)
 Metaspace       used 76441K, committed 78144K, reserved 1179648K
  class space    used 9418K, committed 10176K, reserved 1048576K
}
Event: 178.296 GC heap after
{Heap after GC invocations=877 (full 3):
 PSYoungGen      total 11776K, used 352K [0x00000000d5580000, 0x00000000d6800000, 0x0000000100000000)
  eden space 11264K, 0% used [0x00000000d5580000,0x00000000d5580000,0x00000000d6080000)
  from space 512K, 68% used [0x00000000d6780000,0x00000000d67d8000,0x00000000d6800000)
  to   space 512K, 0% used [0x00000000d6700000,0x00000000d6700000,0x00000000d6780000)
 ParOldGen       total 690688K, used 690237K [0x0000000080000000, 0x00000000aa280000, 0x00000000d5580000)
  object space 690688K, 99% used [0x0000000080000000,0x00000000aa20f720,0x00000000aa280000)
 Metaspace       used 76441K, committed 78144K, reserved 1179648K
  class space    used 9418K, committed 10176K, reserved 1048576K
}
Event: 178.391 GC heap before
{Heap before GC invocations=878 (full 3):
 PSYoungGen      total 11776K, used 11616K [0x00000000d5580000, 0x00000000d6800000, 0x0000000100000000)
  eden space 11264K, 100% used [0x00000000d5580000,0x00000000d6080000,0x00000000d6080000)
  from space 512K, 68% used [0x00000000d6780000,0x00000000d67d8000,0x00000000d6800000)
  to   space 512K, 0% used [0x00000000d6700000,0x00000000d6700000,0x00000000d6780000)
 ParOldGen       total 690688K, used 690237K [0x0000000080000000, 0x00000000aa280000, 0x00000000d5580000)
  object space 690688K, 99% used [0x0000000080000000,0x00000000aa20f720,0x00000000aa280000)
 Metaspace       used 76441K, committed 78144K, reserved 1179648K
  class space    used 9418K, committed 10176K, reserved 1048576K
}
Event: 178.392 GC heap after
{Heap after GC invocations=878 (full 3):
 PSYoungGen      total 11776K, used 352K [0x00000000d5580000, 0x00000000d6800000, 0x0000000100000000)
  eden space 11264K, 0% used [0x00000000d5580000,0x00000000d5580000,0x00000000d6080000)
  from space 512K, 68% used [0x00000000d6700000,0x00000000d6758000,0x00000000d6780000)
  to   space 512K, 0% used [0x00000000d6780000,0x00000000d6780000,0x00000000d6800000)
 ParOldGen       total 690688K, used 690317K [0x0000000080000000, 0x00000000aa280000, 0x00000000d5580000)
  object space 690688K, 99% used [0x0000000080000000,0x00000000aa223720,0x00000000aa280000)
 Metaspace       used 76441K, committed 78144K, reserved 1179648K
  class space    used 9418K, committed 10176K, reserved 1048576K
}
Event: 178.491 GC heap before
{Heap before GC invocations=879 (full 3):
 PSYoungGen      total 11776K, used 11616K [0x00000000d5580000, 0x00000000d6800000, 0x0000000100000000)
  eden space 11264K, 100% used [0x00000000d5580000,0x00000000d6080000,0x00000000d6080000)
  from space 512K, 68% used [0x00000000d6700000,0x00000000d6758000,0x00000000d6780000)
  to   space 512K, 0% used [0x00000000d6780000,0x00000000d6780000,0x00000000d6800000)
 ParOldGen       total 690688K, used 690317K [0x0000000080000000, 0x00000000aa280000, 0x00000000d5580000)
  object space 690688K, 99% used [0x0000000080000000,0x00000000aa223720,0x00000000aa280000)
 Metaspace       used 76441K, committed 78144K, reserved 1179648K
  class space    used 9418K, committed 10176K, reserved 1048576K
}
Event: 178.493 GC heap after
{Heap after GC invocations=879 (full 3):
 PSYoungGen      total 11776K, used 288K [0x00000000d5580000, 0x00000000d6800000, 0x0000000100000000)
  eden space 11264K, 0% used [0x00000000d5580000,0x00000000d5580000,0x00000000d6080000)
  from space 512K, 56% used [0x00000000d6780000,0x00000000d67c8000,0x00000000d6800000)
  to   space 512K, 0% used [0x00000000d6700000,0x00000000d6700000,0x00000000d6780000)
 ParOldGen       total 690688K, used 690341K [0x0000000080000000, 0x00000000aa280000, 0x00000000d5580000)
  object space 690688K, 99% used [0x0000000080000000,0x00000000aa229720,0x00000000aa280000)
 Metaspace       used 76441K, committed 78144K, reserved 1179648K
  class space    used 9418K, committed 10176K, reserved 1048576K
}
Event: 178.831 GC heap before
{Heap before GC invocations=880 (full 3):
 PSYoungGen      total 11776K, used 11552K [0x00000000d5580000, 0x00000000d6800000, 0x0000000100000000)
  eden space 11264K, 100% used [0x00000000d5580000,0x00000000d6080000,0x00000000d6080000)
  from space 512K, 56% used [0x00000000d6780000,0x00000000d67c8000,0x00000000d6800000)
  to   space 512K, 0% used [0x00000000d6700000,0x00000000d6700000,0x00000000d6780000)
 ParOldGen       total 690688K, used 690341K [0x0000000080000000, 0x00000000aa280000, 0x00000000d5580000)
  object space 690688K, 99% used [0x0000000080000000,0x00000000aa229720,0x00000000aa280000)
 Metaspace       used 76441K, committed 78144K, reserved 1179648K
  class space    used 9418K, committed 10176K, reserved 1048576K
}
Event: 178.834 GC heap after
{Heap after GC invocations=880 (full 3):
 PSYoungGen      total 11776K, used 416K [0x00000000d5580000, 0x00000000d6800000, 0x0000000100000000)
  eden space 11264K, 0% used [0x00000000d5580000,0x00000000d5580000,0x00000000d6080000)
  from space 512K, 81% used [0x00000000d6700000,0x00000000d6768000,0x00000000d6780000)
  to   space 512K, 0% used [0x00000000d6780000,0x00000000d6780000,0x00000000d6800000)
 ParOldGen       total 690688K, used 690341K [0x0000000080000000, 0x00000000aa280000, 0x00000000d5580000)
  object space 690688K, 99% used [0x0000000080000000,0x00000000aa229720,0x00000000aa280000)
 Metaspace       used 76441K, committed 78144K, reserved 1179648K
  class space    used 9418K, committed 10176K, reserved 1048576K
}
Event: 182.621 GC heap before
{Heap before GC invocations=881 (full 3):
 PSYoungGen      total 11776K, used 11680K [0x00000000d5580000, 0x00000000d6800000, 0x0000000100000000)
  eden space 11264K, 100% used [0x00000000d5580000,0x00000000d6080000,0x00000000d6080000)
  from space 512K, 81% used [0x00000000d6700000,0x00000000d6768000,0x00000000d6780000)
  to   space 512K, 0% used [0x00000000d6780000,0x00000000d6780000,0x00000000d6800000)
 ParOldGen       total 690688K, used 690341K [0x0000000080000000, 0x00000000aa280000, 0x00000000d5580000)
  object space 690688K, 99% used [0x0000000080000000,0x00000000aa229720,0x00000000aa280000)
 Metaspace       used 76442K, committed 78144K, reserved 1179648K
  class space    used 9418K, committed 10176K, reserved 1048576K
}
Event: 182.624 GC heap after
{Heap after GC invocations=881 (full 3):
 PSYoungGen      total 11776K, used 288K [0x00000000d5580000, 0x00000000d6800000, 0x0000000100000000)
  eden space 11264K, 0% used [0x00000000d5580000,0x00000000d5580000,0x00000000d6080000)
  from space 512K, 56% used [0x00000000d6780000,0x00000000d67c8000,0x00000000d6800000)
  to   space 512K, 0% used [0x00000000d6700000,0x00000000d6700000,0x00000000d6780000)
 ParOldGen       total 690688K, used 690429K [0x0000000080000000, 0x00000000aa280000, 0x00000000d5580000)
  object space 690688K, 99% used [0x0000000080000000,0x00000000aa23f720,0x00000000aa280000)
 Metaspace       used 76442K, committed 78144K, reserved 1179648K
  class space    used 9418K, committed 10176K, reserved 1048576K
}
Event: 182.980 GC heap before
{Heap before GC invocations=882 (full 3):
 PSYoungGen      total 11776K, used 11552K [0x00000000d5580000, 0x00000000d6800000, 0x0000000100000000)
  eden space 11264K, 100% used [0x00000000d5580000,0x00000000d6080000,0x00000000d6080000)
  from space 512K, 56% used [0x00000000d6780000,0x00000000d67c8000,0x00000000d6800000)
  to   space 512K, 0% used [0x00000000d6700000,0x00000000d6700000,0x00000000d6780000)
 ParOldGen       total 690688K, used 690429K [0x0000000080000000, 0x00000000aa280000, 0x00000000d5580000)
  object space 690688K, 99% used [0x0000000080000000,0x00000000aa23f720,0x00000000aa280000)
 Metaspace       used 76442K, committed 78144K, reserved 1179648K
  class space    used 9418K, committed 10176K, reserved 1048576K
}
Event: 182.983 GC heap after
{Heap after GC invocations=882 (full 3):
 PSYoungGen      total 11776K, used 256K [0x00000000d5580000, 0x00000000d6800000, 0x0000000100000000)
  eden space 11264K, 0% used [0x00000000d5580000,0x00000000d5580000,0x00000000d6080000)
  from space 512K, 50% used [0x00000000d6700000,0x00000000d6740000,0x00000000d6780000)
  to   space 512K, 0% used [0x00000000d6780000,0x00000000d6780000,0x00000000d6800000)
 ParOldGen       total 690688K, used 690509K [0x0000000080000000, 0x00000000aa280000, 0x00000000d5580000)
  object space 690688K, 99% used [0x0000000080000000,0x00000000aa253720,0x00000000aa280000)
 Metaspace       used 76442K, committed 78144K, reserved 1179648K
  class space    used 9418K, committed 10176K, reserved 1048576K
}

Dll operation events (15 events):
Event: 0.020 Loaded shared library c:\Users\ASUS\.vscode\extensions\redhat.java-1.44.0-win32-x64\jre\21.0.8-win32-x86_64\bin\java.dll
Event: 0.117 Loaded shared library c:\Users\ASUS\.vscode\extensions\redhat.java-1.44.0-win32-x64\jre\21.0.8-win32-x86_64\bin\zip.dll
Event: 0.149 Loaded shared library C:\Users\ASUS\.vscode\extensions\redhat.java-1.44.0-win32-x64\jre\21.0.8-win32-x86_64\bin\instrument.dll
Event: 0.157 Loaded shared library C:\Users\ASUS\.vscode\extensions\redhat.java-1.44.0-win32-x64\jre\21.0.8-win32-x86_64\bin\net.dll
Event: 0.162 Loaded shared library C:\Users\ASUS\.vscode\extensions\redhat.java-1.44.0-win32-x64\jre\21.0.8-win32-x86_64\bin\nio.dll
Event: 0.165 Loaded shared library C:\Users\ASUS\.vscode\extensions\redhat.java-1.44.0-win32-x64\jre\21.0.8-win32-x86_64\bin\zip.dll
Event: 0.189 Loaded shared library C:\Users\ASUS\.vscode\extensions\redhat.java-1.44.0-win32-x64\jre\21.0.8-win32-x86_64\bin\jimage.dll
Event: 0.289 Loaded shared library c:\Users\ASUS\.vscode\extensions\redhat.java-1.44.0-win32-x64\jre\21.0.8-win32-x86_64\bin\verify.dll
Event: 1.826 Loaded shared library C:\Users\ASUS\AppData\Roaming\Code\User\globalStorage\redhat.java\1.44.0\config_win\org.eclipse.equinox.launcher\org.eclipse.equinox.launcher.win32.win32.x86_64_1.2.1400.v20250730-1736\eclipse_11913.dll
Event: 6.813 Loaded shared library C:\Users\ASUS\AppData\Local\Temp\jna-2018896\jna996309800674016333.dll
Event: 10.019 Loaded shared library C:\Users\ASUS\.gradle\native\1def1411415f61bf3af743bc5b6707747c0891f09f0c88961ee8f79bc544acac\windows-amd64\native-platform.dll
Event: 11.926 Loaded shared library C:\Users\ASUS\.vscode\extensions\redhat.java-1.44.0-win32-x64\jre\21.0.8-win32-x86_64\bin\management.dll
Event: 11.936 Loaded shared library C:\Users\ASUS\.vscode\extensions\redhat.java-1.44.0-win32-x64\jre\21.0.8-win32-x86_64\bin\management_ext.dll
Event: 15.780 Loaded shared library C:\Users\ASUS\.vscode\extensions\redhat.java-1.44.0-win32-x64\jre\21.0.8-win32-x86_64\bin\extnet.dll
Event: 20.760 Loaded shared library C:\Users\ASUS\.vscode\extensions\redhat.java-1.44.0-win32-x64\jre\21.0.8-win32-x86_64\bin\sunmscapi.dll

Deoptimization events (20 events):
Event: 176.389 Thread 0x000001287c38d7d0 Uncommon trap: trap_request=0xffffffde fr.pc=0x0000012867d46204 relative=0x0000000000000164
Event: 176.389 Thread 0x000001287c38d7d0 Uncommon trap: reason=class_check action=maybe_recompile pc=0x0000012867d46204 method=java.lang.reflect.Array.newInstance(Ljava/lang/Class;I)Ljava/lang/Object; @ 2 c2
Event: 176.389 Thread 0x000001287c38d7d0 DEOPT PACKING pc=0x0000012867d46204 sp=0x00000004a4cfd820
Event: 176.389 Thread 0x000001287c38d7d0 DEOPT UNPACKING pc=0x0000012866d33aa2 sp=0x00000004a4cfd7b8 mode 2
Event: 176.389 Thread 0x000001287c38d7d0 Uncommon trap: trap_request=0xffffffde fr.pc=0x0000012867d46204 relative=0x0000000000000164
Event: 176.389 Thread 0x000001287c38d7d0 Uncommon trap: reason=class_check action=maybe_recompile pc=0x0000012867d46204 method=java.lang.reflect.Array.newInstance(Ljava/lang/Class;I)Ljava/lang/Object; @ 2 c2
Event: 176.389 Thread 0x000001287c38d7d0 DEOPT PACKING pc=0x0000012867d46204 sp=0x00000004a4cfd820
Event: 176.389 Thread 0x000001287c38d7d0 DEOPT UNPACKING pc=0x0000012866d33aa2 sp=0x00000004a4cfd7b8 mode 2
Event: 176.389 Thread 0x000001287c38d7d0 Uncommon trap: trap_request=0xffffffde fr.pc=0x0000012867d46204 relative=0x0000000000000164
Event: 176.389 Thread 0x000001287c38d7d0 Uncommon trap: reason=class_check action=maybe_recompile pc=0x0000012867d46204 method=java.lang.reflect.Array.newInstance(Ljava/lang/Class;I)Ljava/lang/Object; @ 2 c2
Event: 176.389 Thread 0x000001287c38d7d0 DEOPT PACKING pc=0x0000012867d46204 sp=0x00000004a4cfd820
Event: 176.389 Thread 0x000001287c38d7d0 DEOPT UNPACKING pc=0x0000012866d33aa2 sp=0x00000004a4cfd7b8 mode 2
Event: 176.787 Thread 0x000001287c38de60 DEOPT PACKING pc=0x0000012860d6d382 sp=0x00000004a4cfc980
Event: 176.787 Thread 0x000001287c38de60 DEOPT UNPACKING pc=0x0000012866d34242 sp=0x00000004a4cfbe48 mode 0
Event: 178.301 Thread 0x000001287c38de60 Uncommon trap: trap_request=0xffffff45 fr.pc=0x0000012867ce9fb8 relative=0x0000000000000258
Event: 178.302 Thread 0x000001287c38de60 Uncommon trap: reason=unstable_if action=reinterpret pc=0x0000012867ce9fb8 method=com.esotericsoftware.kryo.io.Input.require(I)I @ 65 c2
Event: 178.302 Thread 0x000001287c38de60 DEOPT PACKING pc=0x0000012867ce9fb8 sp=0x00000004a4cfe4b0
Event: 178.302 Thread 0x000001287c38de60 DEOPT UNPACKING pc=0x0000012866d33aa2 sp=0x00000004a4cfe460 mode 2
Event: 178.902 Thread 0x000001287ea729f0 DEOPT PACKING pc=0x00000128610099fe sp=0x00000004a57fe190
Event: 178.903 Thread 0x000001287ea729f0 DEOPT UNPACKING pc=0x0000012866d34242 sp=0x00000004a57fd600 mode 0

Classes loaded (20 events):
Event: 63.048 Loading class sun/misc/SharedSecrets
Event: 63.048 Loading class sun/misc/SharedSecrets done
Event: 130.955 Loading class java/util/Collections$SynchronizedRandomAccessList
Event: 130.956 Loading class java/util/Collections$SynchronizedList
Event: 130.957 Loading class java/util/Collections$SynchronizedList done
Event: 130.957 Loading class java/util/Collections$SynchronizedRandomAccessList done
Event: 131.016 Loading class java/util/concurrent/CompletableFuture$Signaller
Event: 131.022 Loading class java/util/concurrent/CompletableFuture$Signaller done
Event: 131.099 Loading class java/util/concurrent/CompletableFuture$UniApply
Event: 131.099 Loading class java/util/concurrent/CompletableFuture$UniCompletion
Event: 131.099 Loading class java/util/concurrent/CompletableFuture$UniCompletion done
Event: 131.099 Loading class java/util/concurrent/CompletableFuture$UniApply done
Event: 131.106 Loading class java/util/concurrent/CompletableFuture$UniAccept
Event: 131.107 Loading class java/util/concurrent/CompletableFuture$UniAccept done
Event: 131.107 Loading class java/util/concurrent/CompletableFuture$UniExceptionally
Event: 131.108 Loading class java/util/concurrent/CompletableFuture$UniExceptionally done
Event: 131.461 Loading class sun/net/util/SocketExceptions
Event: 131.462 Loading class sun/net/util/SocketExceptions done
Event: 155.978 Loading class java/io/SequenceInputStream
Event: 155.978 Loading class java/io/SequenceInputStream done

Classes unloaded (20 events):
Event: 7.737 Thread 0x0000012873120bd0 Unloading class 0x00000128011a6800 'java/lang/invoke/LambdaForm$MH+0x00000128011a6800'
Event: 7.737 Thread 0x0000012873120bd0 Unloading class 0x00000128011a6400 'java/lang/invoke/LambdaForm$MH+0x00000128011a6400'
Event: 7.737 Thread 0x0000012873120bd0 Unloading class 0x00000128011a6000 'java/lang/invoke/LambdaForm$MH+0x00000128011a6000'
Event: 7.737 Thread 0x0000012873120bd0 Unloading class 0x00000128011a5c00 'java/lang/invoke/LambdaForm$MH+0x00000128011a5c00'
Event: 7.737 Thread 0x0000012873120bd0 Unloading class 0x00000128011a5800 'java/lang/invoke/LambdaForm$BMH+0x00000128011a5800'
Event: 7.737 Thread 0x0000012873120bd0 Unloading class 0x00000128011a5400 'java/lang/invoke/LambdaForm$DMH+0x00000128011a5400'
Event: 7.737 Thread 0x0000012873120bd0 Unloading class 0x00000128011a4000 'java/lang/invoke/LambdaForm$DMH+0x00000128011a4000'
Event: 9.034 Thread 0x0000012873120bd0 Unloading class 0x0000012801346c00 'java/lang/invoke/LambdaForm$MH+0x0000012801346c00'
Event: 9.034 Thread 0x0000012873120bd0 Unloading class 0x0000012801346000 'java/lang/invoke/LambdaForm$MH+0x0000012801346000'
Event: 9.034 Thread 0x0000012873120bd0 Unloading class 0x0000012801343800 'java/lang/invoke/LambdaForm$MH+0x0000012801343800'
Event: 9.034 Thread 0x0000012873120bd0 Unloading class 0x0000012801343000 'java/lang/invoke/LambdaForm$MH+0x0000012801343000'
Event: 9.034 Thread 0x0000012873120bd0 Unloading class 0x0000012801342800 'java/lang/invoke/LambdaForm$DMH+0x0000012801342800'
Event: 9.034 Thread 0x0000012873120bd0 Unloading class 0x0000012801342400 'java/lang/invoke/LambdaForm$MH+0x0000012801342400'
Event: 9.034 Thread 0x0000012873120bd0 Unloading class 0x000001280133b000 'java/lang/invoke/LambdaForm$MH+0x000001280133b000'
Event: 9.034 Thread 0x0000012873120bd0 Unloading class 0x000001280133ac00 'java/lang/invoke/LambdaForm$MH+0x000001280133ac00'
Event: 9.034 Thread 0x0000012873120bd0 Unloading class 0x000001280133a000 'java/lang/invoke/LambdaForm$MH+0x000001280133a000'
Event: 9.034 Thread 0x0000012873120bd0 Unloading class 0x0000012801339400 'java/lang/invoke/LambdaForm$MH+0x0000012801339400'
Event: 9.034 Thread 0x0000012873120bd0 Unloading class 0x0000012801338c00 'java/lang/invoke/LambdaForm$MH+0x0000012801338c00'
Event: 9.034 Thread 0x0000012873120bd0 Unloading class 0x0000012801338800 'java/lang/invoke/LambdaForm$MH+0x0000012801338800'
Event: 13.361 Thread 0x0000012873120bd0 Unloading class 0x00000128016f4400 'java/lang/invoke/LambdaForm$DMH+0x00000128016f4400'

Classes redefined (0 events):
No events

Internal exceptions (20 events):
Event: 176.514 Thread 0x000001287c38d7d0 Exception <a 'java/lang/NoSuchMethodError'{0x00000000d5879628}: static Lorg/gradle/plugins/ide/internal/tooling/eclipse/DefaultEclipseDependency;.<clinit>()V> (0x00000000d5879628) 
thrown [s\src\hotspot\share\prims\jni.cpp, line 1111]
Event: 176.514 Thread 0x000001287c38d7d0 Exception <a 'java/lang/NoSuchMethodError'{0x00000000d587ba80}: static Lorg/gradle/plugins/ide/internal/tooling/eclipse/DefaultEclipseExternalDependency;.<clinit>()V> (0x00000000d587ba80) 
thrown [s\src\hotspot\share\prims\jni.cpp, line 1111]
Event: 176.516 Thread 0x000001287c38d7d0 Exception <a 'java/lang/NoSuchMethodError'{0x00000000d589e0b8}: static Lorg/gradle/plugins/ide/internal/tooling/eclipse/DefaultClasspathAttribute;.<clinit>()V> (0x00000000d589e0b8) 
thrown [s\src\hotspot\share\prims\jni.cpp, line 1111]
Event: 176.527 Thread 0x000001287c38d7d0 Exception <a 'java/lang/NoSuchMethodError'{0x00000000d58eb1b0}: static Ljava/lang/Object;.<clinit>()V> (0x00000000d58eb1b0) 
thrown [s\src\hotspot\share\prims\jni.cpp, line 1111]
Event: 176.537 Thread 0x000001287c38d7d0 Exception <a 'java/lang/NoSuchMethodError'{0x00000000d590d160}: static Lorg/gradle/api/internal/artifacts/DefaultModuleIdentifier;.<clinit>()V> (0x00000000d590d160) 
thrown [s\src\hotspot\share\prims\jni.cpp, line 1111]
Event: 176.545 Thread 0x000001287c38d7d0 Exception <a 'java/lang/NoSuchMethodError'{0x00000000d592de98}: static Lorg/gradle/plugins/ide/internal/tooling/model/DefaultGradleModuleVersion;.<clinit>()V> (0x00000000d592de98) 
thrown [s\src\hotspot\share\prims\jni.cpp, line 1111]
Event: 176.549 Thread 0x000001287c38d7d0 Exception <a 'java/lang/NoSuchMethodError'{0x00000000d5968560}: static Lorg/gradle/plugins/ide/internal/tooling/eclipse/DefaultEclipseClasspathContainer;.<clinit>()V> (0x00000000d5968560) 
thrown [s\src\hotspot\share\prims\jni.cpp, line 1111]
Event: 176.552 Thread 0x000001287c38d7d0 Exception <a 'java/lang/NoSuchMethodError'{0x00000000d5992518}: static Lorg/gradle/plugins/ide/internal/tooling/model/DefaultGradleProject;.<clinit>()V> (0x00000000d5992518) 
thrown [s\src\hotspot\share\prims\jni.cpp, line 1111]
Event: 176.553 Thread 0x000001287c38d7d0 Exception <a 'java/lang/NoSuchMethodError'{0x00000000d59a8160}: static Lorg/gradle/plugins/ide/internal/tooling/model/DefaultGradleScript;.<clinit>()V> (0x00000000d59a8160) 
thrown [s\src\hotspot\share\prims\jni.cpp, line 1111]
Event: 176.571 Thread 0x000001287c38d7d0 Exception <a 'java/lang/NoSuchMethodError'{0x00000000d5a63e78}: static Lorg/gradle/tooling/internal/gradle/DefaultProjectIdentifier;.<clinit>()V> (0x00000000d5a63e78) 
thrown [s\src\hotspot\share\prims\jni.cpp, line 1111]
Event: 176.574 Thread 0x000001287c38d7d0 Exception <a 'java/lang/NoSuchMethodError'{0x00000000d5a75dc0}: static Lorg/gradle/tooling/internal/gradle/DefaultBuildIdentifier;.<clinit>()V> (0x00000000d5a75dc0) 
thrown [s\src\hotspot\share\prims\jni.cpp, line 1111]
Event: 176.583 Thread 0x000001287c38d7d0 Exception <a 'java/lang/NoSuchMethodError'{0x00000000d5ace3d8}: static Lorg/gradle/plugins/ide/internal/tooling/model/LaunchableGradleTask;.<clinit>()V> (0x00000000d5ace3d8) 
thrown [s\src\hotspot\share\prims\jni.cpp, line 1111]
Event: 176.583 Thread 0x000001287c38d7d0 Exception <a 'java/lang/NoSuchMethodError'{0x00000000d5ad4528}: static Lorg/gradle/plugins/ide/internal/tooling/model/LaunchableGradleProjectTask;.<clinit>()V> (0x00000000d5ad4528) 
thrown [s\src\hotspot\share\prims\jni.cpp, line 1111]
Event: 176.594 Thread 0x000001287c38d7d0 Exception <a 'java/lang/NoSuchMethodError'{0x00000000d5b61988}: static Lorg/gradle/plugins/ide/internal/tooling/eclipse/DefaultEclipseJavaSourceSettings;.<clinit>()V> (0x00000000d5b61988) 
thrown [s\src\hotspot\share\prims\jni.cpp, line 1111]
Event: 176.595 Thread 0x000001287c38d7d0 Exception <a 'java/lang/NoSuchMethodError'{0x00000000d5b72d78}: static Lorg/gradle/plugins/ide/internal/tooling/java/DefaultInstalledJdk;.<clinit>()V> (0x00000000d5b72d78) 
thrown [s\src\hotspot\share\prims\jni.cpp, line 1111]
Event: 176.598 Thread 0x000001287c38d7d0 Exception <a 'java/lang/NoSuchMethodError'{0x00000000d5b85400}: static Lorg/gradle/plugins/ide/internal/tooling/eclipse/DefaultEclipseOutputLocation;.<clinit>()V> (0x00000000d5b85400) 
thrown [s\src\hotspot\share\prims\jni.cpp, line 1111]
Event: 176.602 Thread 0x000001287c38d7d0 Exception <a 'java/lang/NoSuchMethodError'{0x00000000d5ba6db0}: static Lorg/gradle/plugins/ide/internal/tooling/eclipse/DefaultEclipseProjectDependency;.<clinit>()V> (0x00000000d5ba6db0) 
thrown [s\src\hotspot\share\prims\jni.cpp, line 1111]
Event: 176.605 Thread 0x000001287c38d7d0 Exception <a 'java/lang/NoSuchMethodError'{0x00000000d5bc4fe8}: static Lorg/gradle/plugins/ide/internal/tooling/eclipse/DefaultEclipseProjectNature;.<clinit>()V> (0x00000000d5bc4fe8) 
thrown [s\src\hotspot\share\prims\jni.cpp, line 1111]
Event: 176.609 Thread 0x000001287c38d7d0 Exception <a 'java/lang/NoSuchMethodError'{0x00000000d5be7020}: static Lorg/gradle/plugins/ide/internal/tooling/eclipse/DefaultEclipseSourceDirectory;.<clinit>()V> (0x00000000d5be7020) 
thrown [s\src\hotspot\share\prims\jni.cpp, line 1111]
Event: 176.613 Thread 0x000001287c38d7d0 Exception <a 'java/lang/NoSuchMethodError'{0x00000000d5c08000}: static Lorg/gradle/plugins/ide/internal/tooling/eclipse/DefaultEclipseTask;.<clinit>()V> (0x00000000d5c08000) 
thrown [s\src\hotspot\share\prims\jni.cpp, line 1111]

ZGC Phase Switch (0 events):
No events

VM Operations (20 events):
Event: 178.296 Executing VM operation: ParallelGCFailedAllocation (Allocation Failure) done
Event: 178.391 Executing VM operation: ParallelGCFailedAllocation (Allocation Failure)
Event: 178.392 Executing VM operation: ParallelGCFailedAllocation (Allocation Failure) done
Event: 178.491 Executing VM operation: ParallelGCFailedAllocation (Allocation Failure)
Event: 178.493 Executing VM operation: ParallelGCFailedAllocation (Allocation Failure) done
Event: 178.831 Executing VM operation: ParallelGCFailedAllocation (Allocation Failure)
Event: 178.834 Executing VM operation: ParallelGCFailedAllocation (Allocation Failure) done
Event: 179.834 Executing VM operation: Cleanup
Event: 179.834 Executing VM operation: Cleanup done
Event: 180.487 Executing VM operation: HandshakeAllThreads (HandshakeForDeflation)
Event: 180.488 Executing VM operation: HandshakeAllThreads (HandshakeForDeflation) done
Event: 180.488 Executing VM operation: RendezvousGCThreads
Event: 180.488 Executing VM operation: RendezvousGCThreads done
Event: 182.488 Executing VM operation: Cleanup
Event: 182.488 Executing VM operation: Cleanup done
Event: 182.621 Executing VM operation: ParallelGCFailedAllocation (Allocation Failure)
Event: 182.624 Executing VM operation: ParallelGCFailedAllocation (Allocation Failure) done
Event: 182.980 Executing VM operation: ParallelGCFailedAllocation (Allocation Failure)
Event: 182.983 Executing VM operation: ParallelGCFailedAllocation (Allocation Failure) done
Event: 183.650 Executing VM operation: ParallelGCFailedAllocation (Allocation Failure)

Memory protections (0 events):
No events

Nmethod flushes (20 events):
Event: 13.382 Thread 0x0000012873120bd0 flushing  nmethod 0x0000012860467a10
Event: 13.382 Thread 0x0000012873120bd0 flushing  nmethod 0x0000012860468190
Event: 13.382 Thread 0x0000012873120bd0 flushing  nmethod 0x0000012860468f10
Event: 13.382 Thread 0x0000012873120bd0 flushing  nmethod 0x000001286046a210
Event: 13.382 Thread 0x0000012873120bd0 flushing  nmethod 0x0000012860470010
Event: 13.382 Thread 0x0000012873120bd0 flushing  nmethod 0x0000012860489090
Event: 13.382 Thread 0x0000012873120bd0 flushing  nmethod 0x000001286048e490
Event: 13.382 Thread 0x0000012873120bd0 flushing  nmethod 0x000001286048f410
Event: 13.382 Thread 0x0000012873120bd0 flushing  nmethod 0x0000012860490990
Event: 13.382 Thread 0x0000012873120bd0 flushing  nmethod 0x0000012860490d90
Event: 13.382 Thread 0x0000012873120bd0 flushing  nmethod 0x0000012860491510
Event: 13.382 Thread 0x0000012873120bd0 flushing  nmethod 0x0000012860492d90
Event: 13.382 Thread 0x0000012873120bd0 flushing  nmethod 0x0000012860493110
Event: 13.382 Thread 0x0000012873120bd0 flushing  nmethod 0x0000012860493690
Event: 13.382 Thread 0x0000012873120bd0 flushing  nmethod 0x0000012860493f90
Event: 13.382 Thread 0x0000012873120bd0 flushing  nmethod 0x0000012860495010
Event: 13.382 Thread 0x0000012873120bd0 flushing  nmethod 0x0000012860495690
Event: 13.382 Thread 0x0000012873120bd0 flushing  nmethod 0x0000012860497910
Event: 13.382 Thread 0x0000012873120bd0 flushing  nmethod 0x00000128604a4b90
Event: 13.382 Thread 0x0000012873120bd0 flushing  nmethod 0x00000128604a8790

Events (20 events):
Event: 155.926 Thread 0x000001287313e7f0 Thread added: 0x000001284a1a26f0
Event: 155.926 Thread 0x000001287313e7f0 Thread added: 0x000001284a1a4fd0
Event: 156.052 Thread 0x0000012874805550 Thread added: 0x000001287c38cab0
Event: 156.055 Thread 0x0000012874805550 Thread added: 0x000001287c38d140
Event: 156.079 Thread 0x000001287c38d140 Thread exited: 0x000001287c38d140
Event: 156.079 Thread 0x0000012874805550 Thread added: 0x000001287c38d140
Event: 156.081 Thread 0x0000012874805550 Thread added: 0x000001287c38d7d0
Event: 156.121 Thread 0x000001287c38d7d0 Thread added: 0x000001287c38de60
Event: 157.552 Thread 0x000001284a1a3490 Thread exited: 0x000001284a1a3490
Event: 157.552 Thread 0x000001284a1a4fd0 Thread exited: 0x000001284a1a4fd0
Event: 157.552 Thread 0x000001284a1a26f0 Thread exited: 0x000001284a1a26f0
Event: 176.451 Thread 0x00000128744fec30 Thread added: 0x000001284a1a4900
Event: 176.575 Thread 0x000001284a1a4900 Thread added: 0x000001284a1a4fd0
Event: 176.647 Thread 0x000001287c38de60 Thread exited: 0x000001287c38de60
Event: 176.648 Thread 0x000001287c38d7d0 Thread exited: 0x000001287c38d7d0
Event: 176.729 Thread 0x0000012874805550 Thread added: 0x000001287c38d7d0
Event: 176.731 Thread 0x0000012874805550 Thread added: 0x000001287c38de60
Event: 176.801 Thread 0x000001287c38de60 Thread added: 0x000001287ea729f0
Event: 178.425 Thread 0x000001284a1a4900 Thread exited: 0x000001284a1a4900
Event: 178.928 Thread 0x000001284a1a4fd0 Thread exited: 0x000001284a1a4fd0


Dynamic libraries:
0x00007ff7cd310000 - 0x00007ff7cd31e000 	c:\Users\ASUS\.vscode\extensions\redhat.java-1.44.0-win32-x64\jre\21.0.8-win32-x86_64\bin\java.exe
0x00007fff403a0000 - 0x00007fff40607000 	C:\WINDOWS\SYSTEM32\ntdll.dll
0x00007fff3e7a0000 - 0x00007fff3e869000 	C:\WINDOWS\System32\KERNEL32.DLL
0x00007fff3dd30000 - 0x00007fff3e120000 	C:\WINDOWS\System32\KERNELBASE.dll
0x00007fff39f60000 - 0x00007fff39ffe000 	C:\WINDOWS\SYSTEM32\apphelp.dll
0x00007fff3d4d0000 - 0x00007fff3d61b000 	C:\WINDOWS\System32\ucrtbase.dll
0x00007fff05b50000 - 0x00007fff05b68000 	c:\Users\ASUS\.vscode\extensions\redhat.java-1.44.0-win32-x64\jre\21.0.8-win32-x86_64\bin\jli.dll
0x00007fff072d0000 - 0x00007fff072ee000 	c:\Users\ASUS\.vscode\extensions\redhat.java-1.44.0-win32-x64\jre\21.0.8-win32-x86_64\bin\VCRUNTIME140.dll
0x00007fff3f070000 - 0x00007fff3f235000 	C:\WINDOWS\System32\USER32.dll
0x00007fff2c180000 - 0x00007fff2c41a000 	C:\WINDOWS\WinSxS\amd64_microsoft.windows.common-controls_6595b64144ccf1df_6.0.26100.4768_none_3e0c112ce331287c\COMCTL32.dll
0x00007fff3d620000 - 0x00007fff3d647000 	C:\WINDOWS\System32\win32u.dll
0x00007fff3e6f0000 - 0x00007fff3e799000 	C:\WINDOWS\System32\msvcrt.dll
0x00007fff3f810000 - 0x00007fff3f83b000 	C:\WINDOWS\System32\GDI32.dll
0x00007fff3d860000 - 0x00007fff3d998000 	C:\WINDOWS\System32\gdi32full.dll
0x00007fff3d650000 - 0x00007fff3d6f3000 	C:\WINDOWS\System32\msvcp_win.dll
0x00007fff3ff90000 - 0x00007fff3ffbf000 	C:\WINDOWS\System32\IMM32.DLL
0x00007fff108c0000 - 0x00007fff108cc000 	c:\Users\ASUS\.vscode\extensions\redhat.java-1.44.0-win32-x64\jre\21.0.8-win32-x86_64\bin\vcruntime140_1.dll
0x00007ffeeea60000 - 0x00007ffeeeaed000 	c:\Users\ASUS\.vscode\extensions\redhat.java-1.44.0-win32-x64\jre\21.0.8-win32-x86_64\bin\msvcp140.dll
0x00007ffe88bc0000 - 0x00007ffe89957000 	c:\Users\ASUS\.vscode\extensions\redhat.java-1.44.0-win32-x64\jre\21.0.8-win32-x86_64\bin\server\jvm.dll
0x00007fff3e130000 - 0x00007fff3e1e4000 	C:\WINDOWS\System32\ADVAPI32.dll
0x00007fff3e870000 - 0x00007fff3e916000 	C:\WINDOWS\System32\sechost.dll
0x00007fff401c0000 - 0x00007fff402d8000 	C:\WINDOWS\System32\RPCRT4.dll
0x00007fff3f720000 - 0x00007fff3f794000 	C:\WINDOWS\System32\WS2_32.dll
0x00007fff3d280000 - 0x00007fff3d2de000 	C:\WINDOWS\SYSTEM32\POWRPROF.dll
0x00007fff363f0000 - 0x00007fff36425000 	C:\WINDOWS\SYSTEM32\WINMM.dll
0x00007fff36b50000 - 0x00007fff36b5b000 	C:\WINDOWS\SYSTEM32\VERSION.dll
0x00007fff3d260000 - 0x00007fff3d274000 	C:\WINDOWS\SYSTEM32\UMPDC.dll
0x00007fff3c1b0000 - 0x00007fff3c1cb000 	C:\WINDOWS\SYSTEM32\kernel.appcore.dll
0x00007fff0f210000 - 0x00007fff0f21a000 	c:\Users\ASUS\.vscode\extensions\redhat.java-1.44.0-win32-x64\jre\21.0.8-win32-x86_64\bin\jimage.dll
0x00007fff3ac20000 - 0x00007fff3ae61000 	C:\WINDOWS\SYSTEM32\DBGHELP.DLL
0x00007fff3ec60000 - 0x00007fff3efe5000 	C:\WINDOWS\System32\combase.dll
0x00007fff3ffd0000 - 0x00007fff400b0000 	C:\WINDOWS\System32\OLEAUT32.dll
0x00007fff2f830000 - 0x00007fff2f873000 	C:\WINDOWS\SYSTEM32\dbgcore.DLL
0x00007fff3d7c0000 - 0x00007fff3d859000 	C:\WINDOWS\System32\bcryptPrimitives.dll
0x00007fff31a00000 - 0x00007fff31a0f000 	c:\Users\ASUS\.vscode\extensions\redhat.java-1.44.0-win32-x64\jre\21.0.8-win32-x86_64\bin\instrument.dll
0x00007fff04d40000 - 0x00007fff04d5f000 	c:\Users\ASUS\.vscode\extensions\redhat.java-1.44.0-win32-x64\jre\21.0.8-win32-x86_64\bin\java.dll
0x00007fff3f840000 - 0x00007fff3ff8d000 	C:\WINDOWS\System32\SHELL32.dll
0x00007fff3dbb0000 - 0x00007fff3dd23000 	C:\WINDOWS\System32\wintypes.dll
0x00007fff3b0d0000 - 0x00007fff3b92f000 	C:\WINDOWS\SYSTEM32\windows.storage.dll
0x00007fff3f240000 - 0x00007fff3f335000 	C:\WINDOWS\System32\SHCORE.dll
0x00007fff3f7a0000 - 0x00007fff3f80a000 	C:\WINDOWS\System32\shlwapi.dll
0x00007fff3d3f0000 - 0x00007fff3d419000 	C:\WINDOWS\SYSTEM32\profapi.dll
0x00007fff026c0000 - 0x00007fff026d8000 	c:\Users\ASUS\.vscode\extensions\redhat.java-1.44.0-win32-x64\jre\21.0.8-win32-x86_64\bin\zip.dll
0x00007fff1d2c0000 - 0x00007fff1d2d0000 	C:\Users\ASUS\.vscode\extensions\redhat.java-1.44.0-win32-x64\jre\21.0.8-win32-x86_64\bin\net.dll
0x00007fff34210000 - 0x00007fff3432e000 	C:\WINDOWS\SYSTEM32\WINHTTP.dll
0x00007fff3c7e0000 - 0x00007fff3c84b000 	C:\WINDOWS\system32\mswsock.dll
0x00007fff071d0000 - 0x00007fff071e6000 	C:\Users\ASUS\.vscode\extensions\redhat.java-1.44.0-win32-x64\jre\21.0.8-win32-x86_64\bin\nio.dll
0x00007fff2ee30000 - 0x00007fff2ee40000 	c:\Users\ASUS\.vscode\extensions\redhat.java-1.44.0-win32-x64\jre\21.0.8-win32-x86_64\bin\verify.dll
0x00007fff21b70000 - 0x00007fff21bb5000 	C:\Users\ASUS\AppData\Roaming\Code\User\globalStorage\redhat.java\1.44.0\config_win\org.eclipse.equinox.launcher\org.eclipse.equinox.launcher.win32.win32.x86_64_1.2.1400.v20250730-1736\eclipse_11913.dll
0x00007fff3f550000 - 0x00007fff3f6f0000 	C:\WINDOWS\System32\ole32.dll
0x00007fff3cab0000 - 0x00007fff3cacb000 	C:\WINDOWS\SYSTEM32\CRYPTSP.dll
0x00007fff3c1d0000 - 0x00007fff3c20b000 	C:\WINDOWS\system32\rsaenh.dll
0x00007fff3c880000 - 0x00007fff3c8ab000 	C:\WINDOWS\SYSTEM32\USERENV.dll
0x00007fff3d3c0000 - 0x00007fff3d3e6000 	C:\WINDOWS\SYSTEM32\bcrypt.dll
0x00007fff3caa0000 - 0x00007fff3caac000 	C:\WINDOWS\SYSTEM32\CRYPTBASE.dll
0x00007fff3bc40000 - 0x00007fff3bc73000 	C:\WINDOWS\SYSTEM32\IPHLPAPI.DLL
0x00007fff3e680000 - 0x00007fff3e68a000 	C:\WINDOWS\System32\NSI.dll
0x00007fff21b20000 - 0x00007fff21b69000 	C:\Users\ASUS\AppData\Local\Temp\jna-2018896\jna996309800674016333.dll
0x00007fff3e9e0000 - 0x00007fff3e9e8000 	C:\WINDOWS\System32\PSAPI.DLL
0x00007fff36300000 - 0x00007fff3631f000 	C:\WINDOWS\SYSTEM32\dhcpcsvc6.DLL
0x00007fff36280000 - 0x00007fff362a5000 	C:\WINDOWS\SYSTEM32\dhcpcsvc.DLL
0x00007fff04d60000 - 0x00007fff04d87000 	C:\Users\ASUS\.gradle\native\1def1411415f61bf3af743bc5b6707747c0891f09f0c88961ee8f79bc544acac\windows-amd64\native-platform.dll
0x00007fff20100000 - 0x00007fff2010a000 	C:\Users\ASUS\.vscode\extensions\redhat.java-1.44.0-win32-x64\jre\21.0.8-win32-x86_64\bin\management.dll
0x00007fff1d2b0000 - 0x00007fff1d2bb000 	C:\Users\ASUS\.vscode\extensions\redhat.java-1.44.0-win32-x64\jre\21.0.8-win32-x86_64\bin\management_ext.dll
0x00007fff0a290000 - 0x00007fff0a299000 	C:\Users\ASUS\.vscode\extensions\redhat.java-1.44.0-win32-x64\jre\21.0.8-win32-x86_64\bin\extnet.dll
0x00007fff0afd0000 - 0x00007fff0afde000 	C:\Users\ASUS\.vscode\extensions\redhat.java-1.44.0-win32-x64\jre\21.0.8-win32-x86_64\bin\sunmscapi.dll
0x00007fff3d9a0000 - 0x00007fff3db17000 	C:\WINDOWS\System32\CRYPT32.dll
0x00007fff3ccc0000 - 0x00007fff3ccf0000 	C:\WINDOWS\SYSTEM32\ncrypt.dll
0x00007fff3cc70000 - 0x00007fff3ccaf000 	C:\WINDOWS\SYSTEM32\NTASN1.dll
0x00007ffed45b0000 - 0x00007ffed45b8000 	C:\WINDOWS\system32\wshunix.dll
0x00007fff3bcd0000 - 0x00007fff3bdf6000 	C:\WINDOWS\SYSTEM32\DNSAPI.dll
0x00007fff31270000 - 0x00007fff3127b000 	C:\Windows\System32\rasadhlp.dll
0x00007fff33980000 - 0x00007fff33a06000 	C:\WINDOWS\System32\fwpuclnt.dll

JVMTI agents:
c:\Users\ASUS\.vscode\extensions\redhat.java-1.44.0-win32-x64\lombok\lombok-1.18.39-4050.jar path:c:\Users\ASUS\.vscode\extensions\redhat.java-1.44.0-win32-x64\jre\21.0.8-win32-x86_64\bin\instrument.dll, loaded, initialized, instrumentlib options:none

dbghelp: loaded successfully - version: 4.0.5 - missing functions: none
symbol engine: initialized successfully - sym options: 0x614 - pdb path: .;c:\Users\ASUS\.vscode\extensions\redhat.java-1.44.0-win32-x64\jre\21.0.8-win32-x86_64\bin;C:\WINDOWS\SYSTEM32;C:\WINDOWS\WinSxS\amd64_microsoft.windows.common-controls_6595b64144ccf1df_6.0.26100.4768_none_3e0c112ce331287c;c:\Users\ASUS\.vscode\extensions\redhat.java-1.44.0-win32-x64\jre\21.0.8-win32-x86_64\bin\server;C:\Users\ASUS\AppData\Roaming\Code\User\globalStorage\redhat.java\1.44.0\config_win\org.eclipse.equinox.launcher\org.eclipse.equinox.launcher.win32.win32.x86_64_1.2.1400.v20250730-1736;C:\Users\ASUS\AppData\Local\Temp\jna-2018896;C:\Users\ASUS\.gradle\native\1def1411415f61bf3af743bc5b6707747c0891f09f0c88961ee8f79bc544acac\windows-amd64

VM Arguments:
jvm_args: --add-modules=ALL-SYSTEM --add-opens=java.base/java.util=ALL-UNNAMED --add-opens=java.base/java.lang=ALL-UNNAMED --add-opens=java.base/sun.nio.fs=ALL-UNNAMED -Declipse.application=org.eclipse.jdt.ls.core.id1 -Dosgi.bundles.defaultStartLevel=4 -Declipse.product=org.eclipse.jdt.ls.core.product -Djava.import.generatesMetadataFilesAtProjectRoot=false -DDetectVMInstallationsJob.disabled=true -Dfile.encoding=utf8 -XX:+UseParallelGC -XX:GCTimeRatio=4 -XX:AdaptiveSizePolicyWeight=90 -Dsun.zip.disableMemoryMapping=true -Xmx2G -Xms100m -Xlog:disable -javaagent:c:\Users\ASUS\.vscode\extensions\redhat.java-1.44.0-win32-x64\lombok\lombok-1.18.39-4050.jar -XX:+HeapDumpOnOutOfMemoryError -XX:HeapDumpPath=c:\Users\ASUS\AppData\Roaming\Code\User\workspaceStorage\99924698091601af383fcb7a07f3658c\redhat.java -Daether.dependencyCollector.impl=bf 
java_command: c:\Users\ASUS\.vscode\extensions\redhat.java-1.44.0-win32-x64\server\plugins\org.eclipse.equinox.launcher_1.7.0.v20250519-0528.jar -configuration c:\Users\ASUS\AppData\Roaming\Code\User\globalStorage\redhat.java\1.44.0\config_win -data c:\Users\ASUS\AppData\Roaming\Code\User\workspaceStorage\99924698091601af383fcb7a07f3658c\redhat.java\jdt_ws --pipe=\\.\pipe\lsp-87796b50a42b595f4ce79255e2eca623-sock
java_class_path (initial): c:\Users\ASUS\.vscode\extensions\redhat.java-1.44.0-win32-x64\server\plugins\org.eclipse.equinox.launcher_1.7.0.v20250519-0528.jar
Launcher Type: SUN_STANDARD

[Global flags]
    uintx AdaptiveSizePolicyWeight                 = 90                                        {product} {command line}
     intx CICompilerCount                          = 12                                        {product} {ergonomic}
    uintx GCTimeRatio                              = 4                                         {product} {command line}
     bool HeapDumpOnOutOfMemoryError               = true                                   {manageable} {command line}
    ccstr HeapDumpPath                             = c:\Users\ASUS\AppData\Roaming\Code\User\workspaceStorage\99924698091601af383fcb7a07f3658c\redhat.java         {manageable} {command line}
   size_t InitialHeapSize                          = 104857600                                 {product} {command line}
   size_t MaxHeapSize                              = 2147483648                                {product} {command line}
   size_t MaxNewSize                               = 715653120                                 {product} {ergonomic}
   size_t MinHeapDeltaBytes                        = 524288                                    {product} {ergonomic}
   size_t MinHeapSize                              = 104857600                                 {product} {command line}
   size_t NewSize                                  = 34603008                                  {product} {ergonomic}
    uintx NonNMethodCodeHeapSize                   = 7602480                                {pd product} {ergonomic}
    uintx NonProfiledCodeHeapSize                  = 122027880                              {pd product} {ergonomic}
   size_t OldSize                                  = 70254592                                  {product} {ergonomic}
    uintx ProfiledCodeHeapSize                     = 122027880                              {pd product} {ergonomic}
    uintx ReservedCodeCacheSize                    = 251658240                              {pd product} {ergonomic}
     bool SegmentedCodeCache                       = true                                      {product} {ergonomic}
   size_t SoftMaxHeapSize                          = 2147483648                             {manageable} {ergonomic}
     bool UseCompressedOops                        = true                           {product lp64_product} {ergonomic}
     bool UseLargePagesIndividualAllocation        = false                                  {pd product} {ergonomic}
     bool UseParallelGC                            = true                                      {product} {command line}

Logging:
Log output configuration:
 #0: stdout all=off uptime,level,tags foldmultilines=false
 #1: stderr all=off uptime,level,tags foldmultilines=false

Environment Variables:
JAVA_HOME=C:\Program Files\Java\jdk-17
PATH=C:\Program Files\Java\jdk-17\bin;C:\Program Files\Java\jdk-17.0.2\bin;C:\Python312\Scripts\;C:\Python312\;C:\Program Files\Common Files\Oracle\Java\javapath;C:\ProgramData\Oracle\Java\javapath;C:\Program Files (x86)\Common Files\Oracle\Java\javapath;C:\WINDOWS\system32;C:\WINDOWS;C:\WINDOWS\System32\Wbem;C:\WINDOWS\System32\WindowsPowerShell\v1.0\;C:\WINDOWS\System32\OpenSSH\;C:\MinGW\bin;C:\Program Files\nodejs\;C:\ProgramData\chocolatey\bin;C:\Program Files\Java\jdk-23\bin;C:\Program Files (x86)\Microchip\MPLAB C32 Suite\bin;C:\Program Files\Git\cmd;C:\Users\ASUS\Downloads\flutter_windows_3.27.2-stable\flutter\bin;C:\Program Files\dotnet\;C:\Users\ASUS\AppData\Local\Android\Sdk\platform-tools;C:\Users\ASUS\AppData\Local\Android\Sdk\emulator;C:\Users\ASUS\AppData\Local\Android\Sdk\cmdline-tools\latest\bin;C:\Users\ASUS\AppData\Local\Android\Sdk\tools;C:\Users\ASUS\AppData\Local\Android\Sdk\tools\bin;C:\Program Files\MySQL\MySQL Shell 8.0\bin\;C:\Users\ASUS\AppData\Local\Microsoft\WindowsApps;C:\Users\ASUS\AppData\Local\Programs\Microsoft VS Code\bin;C:\Users\ASUS\AppData\Roaming\npm;C:\Users\ASUS\AppData\Local\GitHubDesktop\bin;C:\Users\ASUS\AppData\Local\Programs\MiKTeX\miktex\bin\x64\;C:\Users\ASUS\AppData\Local\Programs\cursor\resources\app\bin
USERNAME=ASUS
OS=Windows_NT
PROCESSOR_IDENTIFIER=AMD64 Family 23 Model 104 Stepping 1, AuthenticAMD
TMP=C:\Users\ASUS\AppData\Local\Temp
TEMP=C:\Users\ASUS\AppData\Local\Temp




Periodic native trim disabled

---------------  S Y S T E M  ---------------

OS:
 Windows 11 , 64 bit Build 26100 (10.0.26100.4768)
OS uptime: 2 days 18:13 hours
Hyper-V role detected

CPU: total 16 (initial active 16) (16 cores per cpu, 2 threads per core) family 23 model 104 stepping 1 microcode 0x8608103, cx8, cmov, fxsr, ht, mmx, 3dnowpref, sse, sse2, sse3, ssse3, sse4a, sse4.1, sse4.2, popcnt, lzcnt, tsc, tscinvbit, avx, avx2, aes, clmul, bmi1, bmi2, adx, sha, fma, vzeroupper, clflush, clflushopt, hv, rdtscp, rdpid, f16c
Processor Information for the first 16 processors :
  Max Mhz: 1801, Current Mhz: 1801, Mhz Limit: 1801

Memory: 4k page, system-wide physical 7563M (735M free)
TotalPageFile size 31115M (AvailPageFile size 10M)
current process WorkingSet (physical memory assigned to process): 474M, peak: 820M
current process commit charge ("private bytes"): 1050M, peak: 1052M

vm_info: OpenJDK 64-Bit Server VM (21.0.8+9-LTS) for windows-amd64 JRE (21.0.8+9-LTS), built on 2025-07-15T00:00:00Z by "admin" with MS VC++ 17.7 (VS2022)

END.
