#
# There is insufficient memory for the Java Runtime Environment to continue.
# Native memory allocation (malloc) failed to allocate 1048576 bytes. Error detail: AllocateHeap
# Possible reasons:
#   The system is out of physical RAM or swap space
#   This process is running with CompressedOops enabled, and the Java Heap may be blocking the growth of the native heap
# Possible solutions:
#   Reduce memory load on the system
#   Increase physical memory or swap space
#   Check if swap backing store is full
#   Decrease Java heap size (-Xmx/-Xms)
#   Decrease number of Java threads
#   Decrease Java thread stack sizes (-Xss)
#   Set larger code cache with -XX:ReservedCodeCacheSize=
#   JVM is running with Unscaled Compressed Oops mode in which the Java heap is
#     placed in the first 4GB address space. The Java Heap base address is the
#     maximum limit for the native heap growth. Please use -XX:HeapBaseMinAddress
#     to set the Java Heap base and to place the Java Heap above 4GB virtual address.
# This output file may be truncated or incomplete.
#
#  Out of Memory Error (allocation.cpp:44), pid=9168, tid=11124
#
# JRE version: OpenJDK Runtime Environment Temurin-21.0.8+9 (21.0.8+9) (build 21.0.8+9-LTS)
# Java VM: OpenJDK 64-Bit Server VM Temurin-21.0.8+9 (21.0.8+9-LTS, mixed mode, sharing, tiered, compressed oops, compressed class ptrs, parallel gc, windows-amd64)
# No core dump will be written. Minidumps are not enabled by default on client versions of Windows
#

---------------  S U M M A R Y ------------

Command Line: --add-modules=ALL-SYSTEM --add-opens=java.base/java.util=ALL-UNNAMED --add-opens=java.base/java.lang=ALL-UNNAMED --add-opens=java.base/sun.nio.fs=ALL-UNNAMED -Declipse.application=org.eclipse.jdt.ls.core.id1 -Dosgi.bundles.defaultStartLevel=4 -Declipse.product=org.eclipse.jdt.ls.core.product -Djava.import.generatesMetadataFilesAtProjectRoot=false -DDetectVMInstallationsJob.disabled=true -Dfile.encoding=utf8 -XX:+UseParallelGC -XX:GCTimeRatio=4 -XX:AdaptiveSizePolicyWeight=90 -Dsun.zip.disableMemoryMapping=true -Xmx2G -Xms100m -Xlog:disable -javaagent:c:\Users\ASUS\.vscode\extensions\redhat.java-1.44.0-win32-x64\lombok\lombok-1.18.39-4050.jar -XX:+HeapDumpOnOutOfMemoryError -XX:HeapDumpPath=c:\Users\ASUS\AppData\Roaming\Code\User\workspaceStorage\99924698091601af383fcb7a07f3658c\redhat.java -Daether.dependencyCollector.impl=bf c:\Users\ASUS\.vscode\extensions\redhat.java-1.44.0-win32-x64\server\plugins\org.eclipse.equinox.launcher_1.7.0.v20250519-0528.jar -configuration c:\Users\ASUS\AppData\Roaming\Code\User\globalStorage\redhat.java\1.44.0\config_win -data c:\Users\ASUS\AppData\Roaming\Code\User\workspaceStorage\99924698091601af383fcb7a07f3658c\redhat.java\jdt_ws --pipe=\\.\pipe\lsp-86fbd7a7c0b1a91abe2b9b61c42a9bdd-sock

Host: AMD Ryzen 7 5700U with Radeon Graphics         , 16 cores, 7G,  Windows 11 , 64 bit Build 26100 (10.0.26100.4768)
Time: Sat Aug  2 16:03:06 2025 Sri Lanka Standard Time elapsed time: 9277.504201 seconds (0d 2h 34m 37s)

---------------  T H R E A D  ---------------

Current thread (0x000001f16f704590):  JavaThread "Attach Listener" daemon [_thread_in_vm, id=11124, stack(0x0000004c6aa00000,0x0000004c6ab00000) (1024K)]

Stack: [0x0000004c6aa00000,0x0000004c6ab00000]
Native frames: (J=compiled Java code, j=interpreted, Vv=VM code, C=native code)
V  [jvm.dll+0x6d2449]
V  [jvm.dll+0x8ae341]
V  [jvm.dll+0x8b08be]
V  [jvm.dll+0x8b0fa3]
V  [jvm.dll+0x280c96]
V  [jvm.dll+0xc0347]
V  [jvm.dll+0x6d2cf9]
V  [jvm.dll+0x131116]
V  [jvm.dll+0x3f2d16]
V  [jvm.dll+0x857e6b]
V  [jvm.dll+0x6d0b0d]
C  [ucrtbase.dll+0x37b0]
C  [KERNEL32.DLL+0x2e8d7]
C  [ntdll.dll+0x3c34c]


---------------  P R O C E S S  ---------------

Threads class SMR info:
_java_thread_list=0x000001f1779eb850, length=56, elements={
0x000001f156f9ecd0, 0x000001f16f6fff00, 0x000001f16f7011c0, 0x000001f16f7037c0,
0x000001f16f704590, 0x000001f16f707240, 0x000001f16f707e40, 0x000001f16f70cca0,
0x000001f170bd7fa0, 0x000001f157003f50, 0x000001f1724d7490, 0x000001f1771e4bd0,
0x000001f177217250, 0x000001f172c627a0, 0x000001f1775678e0, 0x000001f172743300,
0x000001f172742c70, 0x000001f1727425e0, 0x000001f172744d40, 0x000001f172746e10,
0x000001f172747b30, 0x000001f1727446b0, 0x000001f172748850, 0x000001f1727481c0,
0x000001f172749570, 0x000001f172748ee0, 0x000001f172749c00, 0x000001f179818970,
0x000001f179819690, 0x000001f17981a3b0, 0x000001f17981bdf0, 0x000001f17981c480,
0x000001f179819000, 0x000001f17981cb10, 0x000001f17981b760, 0x000001f17981aa40,
0x000001f17981b0d0, 0x000001f17981d1a0, 0x000001f179819d20, 0x000001f17981f270,
0x000001f179527430, 0x000001f179528150, 0x000001f179529b90, 0x000001f17952a220,
0x000001f179527ac0, 0x000001f17b8d9a10, 0x000001f17b8d8660, 0x000001f17b8d72b0,
0x000001f17b8d7940, 0x000001f17b8dadc0, 0x000001f17b8db450, 0x000001f17b8d7fd0,
0x000001f17b8dc170, 0x000001f179523fb0, 0x000001f179523920, 0x000001f172746780
}

Java Threads: ( => current thread )
  0x000001f156f9ecd0 JavaThread "main"                              [_thread_blocked, id=1252, stack(0x0000004c6a300000,0x0000004c6a400000) (1024K)]
  0x000001f16f6fff00 JavaThread "Reference Handler"          daemon [_thread_blocked, id=8104, stack(0x0000004c6a700000,0x0000004c6a800000) (1024K)]
  0x000001f16f7011c0 JavaThread "Finalizer"                  daemon [_thread_blocked, id=13912, stack(0x0000004c6a800000,0x0000004c6a900000) (1024K)]
  0x000001f16f7037c0 JavaThread "Signal Dispatcher"          daemon [_thread_blocked, id=11388, stack(0x0000004c6a900000,0x0000004c6aa00000) (1024K)]
=>0x000001f16f704590 JavaThread "Attach Listener"            daemon [_thread_in_vm, id=11124, stack(0x0000004c6aa00000,0x0000004c6ab00000) (1024K)]
  0x000001f16f707240 JavaThread "Service Thread"             daemon [_thread_blocked, id=22432, stack(0x0000004c6ab00000,0x0000004c6ac00000) (1024K)]
  0x000001f16f707e40 JavaThread "Monitor Deflation Thread"   daemon [_thread_blocked, id=22792, stack(0x0000004c6ac00000,0x0000004c6ad00000) (1024K)]
  0x000001f16f70cca0 JavaThread "C2 CompilerThread0"         daemon [_thread_blocked, id=21652, stack(0x0000004c6ad00000,0x0000004c6ae00000) (1024K)]
  0x000001f170bd7fa0 JavaThread "C1 CompilerThread0"         daemon [_thread_blocked, id=16980, stack(0x0000004c6ae00000,0x0000004c6af00000) (1024K)]
  0x000001f157003f50 JavaThread "Common-Cleaner"             daemon [_thread_blocked, id=22440, stack(0x0000004c6af00000,0x0000004c6b000000) (1024K)]
  0x000001f1724d7490 JavaThread "Notification Thread"        daemon [_thread_blocked, id=3800, stack(0x0000004c6b400000,0x0000004c6b500000) (1024K)]
  0x000001f1771e4bd0 JavaThread "Active Thread: Equinox Container: 33a1d4f1-55c0-469d-bca0-f3622c516045"        [_thread_blocked, id=13764, stack(0x0000004c6c200000,0x0000004c6c300000) (1024K)]
  0x000001f177217250 JavaThread "Framework Event Dispatcher: Equinox Container: 33a1d4f1-55c0-469d-bca0-f3622c516045" daemon [_thread_blocked, id=24204, stack(0x0000004c6b000000,0x0000004c6b100000) (1024K)]
  0x000001f172c627a0 JavaThread "Start Level: Equinox Container: 33a1d4f1-55c0-469d-bca0-f3622c516045" daemon [_thread_blocked, id=17400, stack(0x0000004c6b100000,0x0000004c6b200000) (1024K)]
  0x000001f1775678e0 JavaThread "Refresh Thread: Equinox Container: 33a1d4f1-55c0-469d-bca0-f3622c516045" daemon [_thread_blocked, id=1516, stack(0x0000004c6bd00000,0x0000004c6be00000) (1024K)]
  0x000001f172743300 JavaThread "Bundle File Closer"         daemon [_thread_blocked, id=3672, stack(0x0000004c6b300000,0x0000004c6b400000) (1024K)]
  0x000001f172742c70 JavaThread "SCR Component Actor"        daemon [_thread_blocked, id=16288, stack(0x0000004c6b200000,0x0000004c6b300000) (1024K)]
  0x000001f1727425e0 JavaThread "Worker-JM"                         [_thread_blocked, id=5392, stack(0x0000004c6c500000,0x0000004c6c600000) (1024K)]
  0x000001f172744d40 JavaThread "Java indexing"              daemon [_thread_blocked, id=24564, stack(0x0000004c6c900000,0x0000004c6ca00000) (1024K)]
  0x000001f172746e10 JavaThread "JNA Cleaner"                daemon [_thread_blocked, id=20660, stack(0x0000004c6ce00000,0x0000004c6cf00000) (1024K)]
  0x000001f172747b30 JavaThread "Thread-2"                   daemon [_thread_in_native, id=13388, stack(0x0000004c6d600000,0x0000004c6d700000) (1024K)]
  0x000001f1727446b0 JavaThread "Thread-3"                   daemon [_thread_in_native, id=9636, stack(0x0000004c6d700000,0x0000004c6d800000) (1024K)]
  0x000001f172748850 JavaThread "Thread-4"                   daemon [_thread_in_native, id=20364, stack(0x0000004c6d800000,0x0000004c6d900000) (1024K)]
  0x000001f1727481c0 JavaThread "Thread-5"                   daemon [_thread_in_native, id=14516, stack(0x0000004c6d900000,0x0000004c6da00000) (1024K)]
  0x000001f172749570 JavaThread "Thread-6"                   daemon [_thread_in_native, id=1728, stack(0x0000004c6da00000,0x0000004c6db00000) (1024K)]
  0x000001f172748ee0 JavaThread "Thread-7"                   daemon [_thread_in_native, id=6064, stack(0x0000004c6db00000,0x0000004c6dc00000) (1024K)]
  0x000001f172749c00 JavaThread "Thread-8"                   daemon [_thread_in_native, id=12644, stack(0x0000004c6dc00000,0x0000004c6dd00000) (1024K)]
  0x000001f179818970 JavaThread "Thread-9"                   daemon [_thread_in_native, id=18744, stack(0x0000004c6dd00000,0x0000004c6de00000) (1024K)]
  0x000001f179819690 JavaThread "Thread-10"                  daemon [_thread_in_native, id=3944, stack(0x0000004c6de00000,0x0000004c6df00000) (1024K)]
  0x000001f17981a3b0 JavaThread "Thread-11"                  daemon [_thread_in_native, id=16620, stack(0x0000004c6df00000,0x0000004c6e000000) (1024K)]
  0x000001f17981bdf0 JavaThread "Thread-12"                  daemon [_thread_in_native, id=15212, stack(0x0000004c6e000000,0x0000004c6e100000) (1024K)]
  0x000001f17981c480 JavaThread "Thread-13"                  daemon [_thread_in_native, id=21528, stack(0x0000004c6e100000,0x0000004c6e200000) (1024K)]
  0x000001f179819000 JavaThread "Thread-14"                  daemon [_thread_in_native, id=15160, stack(0x0000004c6e200000,0x0000004c6e300000) (1024K)]
  0x000001f17981cb10 JavaThread "Thread-15"                  daemon [_thread_in_native, id=23416, stack(0x0000004c6e300000,0x0000004c6e400000) (1024K)]
  0x000001f17981b760 JavaThread "Thread-16"                  daemon [_thread_in_native, id=23524, stack(0x0000004c6e400000,0x0000004c6e500000) (1024K)]
  0x000001f17981aa40 JavaThread "Thread-17"                  daemon [_thread_in_native, id=5312, stack(0x0000004c6e500000,0x0000004c6e600000) (1024K)]
  0x000001f17981b0d0 JavaThread "Thread-18"                  daemon [_thread_in_native, id=12348, stack(0x0000004c6e600000,0x0000004c6e700000) (1024K)]
  0x000001f17981d1a0 JavaThread "pool-2-thread-1"                   [_thread_blocked, id=9560, stack(0x0000004c6e700000,0x0000004c6e800000) (1024K)]
  0x000001f179819d20 JavaThread "WorkspaceEventsHandler"            [_thread_blocked, id=1948, stack(0x0000004c6e900000,0x0000004c6ea00000) (1024K)]
  0x000001f17981f270 JavaThread "pool-1-thread-1"                   [_thread_blocked, id=10688, stack(0x0000004c6ea00000,0x0000004c6eb00000) (1024K)]
  0x000001f179527430 JavaThread "Timer-0"                           [_thread_blocked, id=13472, stack(0x0000004c6f700000,0x0000004c6f800000) (1024K)]
  0x000001f179528150 JavaThread "Timer-1"                           [_thread_blocked, id=21484, stack(0x0000004c6f500000,0x0000004c6f600000) (1024K)]
  0x000001f179529b90 JavaThread "Timer-2"                           [_thread_blocked, id=2040, stack(0x0000004c6f900000,0x0000004c6fa00000) (1024K)]
  0x000001f17952a220 JavaThread "Timer-3"                           [_thread_blocked, id=7216, stack(0x0000004c6fb00000,0x0000004c6fc00000) (1024K)]
  0x000001f179527ac0 JavaThread "Timer-4"                           [_thread_blocked, id=10152, stack(0x0000004c6fc00000,0x0000004c6fd00000) (1024K)]
  0x000001f17b8d9a10 JavaThread "Timer-5"                           [_thread_blocked, id=19800, stack(0x0000004c6bf00000,0x0000004c6c000000) (1024K)]
  0x000001f17b8d8660 JavaThread "Timer-6"                           [_thread_blocked, id=22304, stack(0x0000004c6c000000,0x0000004c6c100000) (1024K)]
  0x000001f17b8d72b0 JavaThread "Timer-7"                           [_thread_blocked, id=13176, stack(0x0000004c6c100000,0x0000004c6c200000) (1024K)]
  0x000001f17b8d7940 JavaThread "Timer-8"                           [_thread_blocked, id=9396, stack(0x0000004c6c400000,0x0000004c6c500000) (1024K)]
  0x000001f17b8dadc0 JavaThread "Timer-9"                           [_thread_blocked, id=6004, stack(0x0000004c6cd00000,0x0000004c6ce00000) (1024K)]
  0x000001f17b8db450 JavaThread "Timer-10"                          [_thread_blocked, id=15860, stack(0x0000004c6d100000,0x0000004c6d200000) (1024K)]
  0x000001f17b8d7fd0 JavaThread "Timer-11"                          [_thread_blocked, id=16260, stack(0x0000004c6a000000,0x0000004c6a100000) (1024K)]
  0x000001f17b8dc170 JavaThread "Timer-12"                          [_thread_blocked, id=21348, stack(0x0000004c6a100000,0x0000004c6a200000) (1024K)]
  0x000001f179523fb0 JavaThread "Worker-13"                         [_thread_blocked, id=3128, stack(0x0000004c6ed00000,0x0000004c6ee00000) (1024K)]
  0x000001f179523920 JavaThread "Timer-13"                          [_thread_blocked, id=22600, stack(0x0000004c6c700000,0x0000004c6c800000) (1024K)]
  0x000001f172746780 JavaThread "Worker-21"                         [_thread_blocked, id=10376, stack(0x0000004c6f300000,0x0000004c6f400000) (1024K)]
Total: 56

Other Threads:
  0x000001f16f6f43f0 VMThread "VM Thread"                           [id=17136, stack(0x0000004c6a600000,0x0000004c6a700000) (1024K)]
  0x000001f16f5ecb20 WatcherThread "VM Periodic Task Thread"        [id=3156, stack(0x0000004c6a500000,0x0000004c6a600000) (1024K)]
  0x000001f156fb5280 WorkerThread "GC Thread#0"                     [id=11256, stack(0x0000004c6a400000,0x0000004c6a500000) (1024K)]
  0x000001f172bd1800 WorkerThread "GC Thread#1"                     [id=19708, stack(0x0000004c6b600000,0x0000004c6b700000) (1024K)]
  0x000001f172c34f80 WorkerThread "GC Thread#2"                     [id=9272, stack(0x0000004c6b700000,0x0000004c6b800000) (1024K)]
  0x000001f172c35320 WorkerThread "GC Thread#3"                     [id=10884, stack(0x0000004c6b800000,0x0000004c6b900000) (1024K)]
  0x000001f17298a380 WorkerThread "GC Thread#4"                     [id=14504, stack(0x0000004c6b900000,0x0000004c6ba00000) (1024K)]
  0x000001f17298af30 WorkerThread "GC Thread#5"                     [id=3632, stack(0x0000004c6ba00000,0x0000004c6bb00000) (1024K)]
  0x000001f17298b2d0 WorkerThread "GC Thread#6"                     [id=21788, stack(0x0000004c6bb00000,0x0000004c6bc00000) (1024K)]
  0x000001f17282a050 WorkerThread "GC Thread#7"                     [id=17616, stack(0x0000004c6b500000,0x0000004c6b600000) (1024K)]
  0x000001f17282ab30 WorkerThread "GC Thread#8"                     [id=2540, stack(0x0000004c6d300000,0x0000004c6d400000) (1024K)]
  0x000001f17282a790 WorkerThread "GC Thread#9"                     [id=23600, stack(0x0000004c6d400000,0x0000004c6d500000) (1024K)]
  0x000001f17282aed0 WorkerThread "GC Thread#10"                    [id=13408, stack(0x0000004c6d500000,0x0000004c6d600000) (1024K)]
  0x000001f172873b50 WorkerThread "GC Thread#11"                    [id=13608, stack(0x0000004c6be00000,0x0000004c6bf00000) (1024K)]
  0x000001f172877550 WorkerThread "GC Thread#12"                    [id=8076, stack(0x0000004c6c600000,0x0000004c6c700000) (1024K)]
Total: 15

Threads with active compile tasks:
Total: 0

VM state: not at safepoint (normal execution)

VM Mutex/Monitor currently owned by a thread: None

Heap address: 0x0000000080000000, size: 2048 MB, Compressed Oops mode: 32-bit

CDS archive(s) mapped at: [0x000001f100000000-0x000001f100ba0000-0x000001f100ba0000), size 12189696, SharedBaseAddress: 0x000001f100000000, ArchiveRelocationMode: 1.
Compressed class space mapped at: 0x000001f101000000-0x000001f141000000, reserved size: 1073741824
Narrow klass base: 0x000001f100000000, Narrow klass shift: 0, Narrow klass range: 0x100000000

GC Precious Log:
 CardTable entry size: 512
 CPUs: 16 total, 16 available
 Memory: 7563M
 Large Page Support: Disabled
 NUMA Support: Disabled
 Compressed Oops: Enabled (32-bit)
 Alignments: Space 512K, Generation 512K, Heap 2M
 Heap Min Capacity: 100M
 Heap Initial Capacity: 100M
 Heap Max Capacity: 2G
 Pre-touch: Disabled
 Parallel Workers: 13

Heap:
 PSYoungGen      total 11776K, used 4151K [0x00000000d5580000, 0x00000000d6200000, 0x0000000100000000)
  eden space 11264K, 33% used [0x00000000d5580000,0x00000000d592dc40,0x00000000d6080000)
  from space 512K, 75% used [0x00000000d6180000,0x00000000d61e0000,0x00000000d6200000)
  to   space 512K, 0% used [0x00000000d6100000,0x00000000d6100000,0x00000000d6180000)
 ParOldGen       total 1061376K, used 1060975K [0x0000000080000000, 0x00000000c0c80000, 0x00000000d5580000)
  object space 1061376K, 99% used [0x0000000080000000,0x00000000c0c1be60,0x00000000c0c80000)
 Metaspace       used 91128K, committed 92928K, reserved 1179648K
  class space    used 10505K, committed 11328K, reserved 1048576K

Card table byte_map: [0x000001f16aa20000,0x000001f16ae30000] _byte_map_base: 0x000001f16a620000

Marking Bits: (ParMarkBitMap*) 0x00007ffe8987a340
 Begin Bits: [0x000001f16b0e0000, 0x000001f16d0e0000)
 End Bits:   [0x000001f16d0e0000, 0x000001f16f0e0000)

Polling page: 0x000001f156ac0000

Metaspace:

Usage:
  Non-class:     78.73 MB used.
      Class:     10.26 MB used.
       Both:     88.99 MB used.

Virtual space:
  Non-class space:      128.00 MB reserved,      79.69 MB ( 62%) committed,  2 nodes.
      Class space:        1.00 GB reserved,      11.06 MB (  1%) committed,  1 nodes.
             Both:        1.12 GB reserved,      90.75 MB (  8%) committed. 

Chunk freelists:
   Non-Class:  32.00 KB
       Class:  4.91 MB
        Both:  4.94 MB

MaxMetaspaceSize: unlimited
CompressedClassSpaceSize: 1.00 GB
Initial GC threshold: 21.00 MB
Current GC threshold: 150.31 MB
CDS: on
 - commit_granule_bytes: 65536.
 - commit_granule_words: 8192.
 - virtual_space_node_default_size: 8388608.
 - enlarge_chunks_in_place: 1.
 - use_allocation_guard: 0.


Internal statistics:

num_allocs_failed_limit: 9.
num_arena_births: 1844.
num_arena_deaths: 24.
num_vsnodes_births: 3.
num_vsnodes_deaths: 0.
num_space_committed: 1452.
num_space_uncommitted: 0.
num_chunks_returned_to_freelist: 43.
num_chunks_taken_from_freelist: 6044.
num_chunk_merges: 13.
num_chunk_splits: 3744.
num_chunks_enlarged: 2160.
num_inconsistent_stats: 0.

CodeHeap 'non-profiled nmethods': size=119168Kb used=17806Kb max_used=20896Kb free=101361Kb
 bounds [0x000001f1633e0000, 0x000001f164850000, 0x000001f16a840000]
CodeHeap 'profiled nmethods': size=119104Kb used=38133Kb max_used=46638Kb free=80970Kb
 bounds [0x000001f15b840000, 0x000001f15e5d0000, 0x000001f162c90000]
CodeHeap 'non-nmethods': size=7488Kb used=1501Kb max_used=3268Kb free=5987Kb
 bounds [0x000001f162c90000, 0x000001f162fd0000, 0x000001f1633e0000]
CodeCache: size=245760Kb, used=57440Kb, max_used=70802Kb, free=188318Kb
 total_blobs=16736, nmethods=15921, adapters=718, full_count=0
Compilation: enabled, stopped_count=0, restarted_count=0

Compilation events (20 events):
Event: 9078.178 Thread 0x000001f170bd7fa0 20326       3       com.google.gson.stream.JsonReader::setStrictness (11 bytes)
Event: 9078.194 Thread 0x000001f170bd7fa0 nmethod 20326 0x000001f15ba0e690 code [0x000001f15ba0e840, 0x000001f15ba0eac8]
Event: 9078.278 Thread 0x000001f170bd7fa0 20327       3       java.net.URI::isAbsolute (13 bytes)
Event: 9078.281 Thread 0x000001f170bd7fa0 nmethod 20327 0x000001f15bc00790 code [0x000001f15bc00920, 0x000001f15bc00a80]
Event: 9078.555 Thread 0x000001f16f70cca0 20328       4       com.google.gson.stream.JsonWriter::beforeValue (139 bytes)
Event: 9078.594 Thread 0x000001f16f70cca0 nmethod 20328 0x000001f163a3a290 code [0x000001f163a3a4c0, 0x000001f163a3ae20]
Event: 9078.594 Thread 0x000001f16f70cca0 20329       4       org.eclipse.jdt.internal.core.ClasspathEntry::isModular (67 bytes)
Event: 9078.604 Thread 0x000001f16f70cca0 nmethod 20329 0x000001f1633e9590 code [0x000001f1633e9740, 0x000001f1633e99f0]
Event: 9078.682 Thread 0x000001f16f70cca0 20330       4       lombok.patcher.Hook::convertType (64 bytes)
Event: 9078.713 Thread 0x000001f16f70cca0 nmethod 20330 0x000001f163c2e090 code [0x000001f163c2e340, 0x000001f163c2f140]
Event: 9078.815 Thread 0x000001f170bd7fa0 20331   !   3       sun.nio.fs.WindowsNativeDispatcher::CreateDirectory (73 bytes)
Event: 9078.823 Thread 0x000001f170bd7fa0 nmethod 20331 0x000001f15c8c2390 code [0x000001f15c8c25e0, 0x000001f15c8c2b38]
Event: 9078.825 Thread 0x000001f170bd7fa0 20332   !   3       org.eclipse.jdt.ls.core.internal.CancellableProgressMonitor::isCanceled (33 bytes)
Event: 9078.827 Thread 0x000001f170bd7fa0 nmethod 20332 0x000001f15bae6090 code [0x000001f15bae62a0, 0x000001f15bae6ab0]
Event: 9078.836 Thread 0x000001f170bd7fa0 20333       3       org.eclipse.core.internal.dtree.DataTreeNode::compareWithParent (32 bytes)
Event: 9078.841 Thread 0x000001f170bd7fa0 nmethod 20333 0x000001f15ba1f910 code [0x000001f15ba1fbc0, 0x000001f15ba206f8]
Event: 9078.841 Thread 0x000001f170bd7fa0 20334       3       org.eclipse.buildship.core.internal.workspace.DefaultWorkspaceOperations::findProjectByLocation (20 bytes)
Event: 9078.861 Thread 0x000001f170bd7fa0 nmethod 20334 0x000001f15c9fb190 code [0x000001f15c9fb460, 0x000001f15c9fc458]
Event: 9078.861 Thread 0x000001f170bd7fa0 20335       3       org.eclipse.buildship.core.internal.workspace.DefaultWorkspaceOperations$2::<init> (15 bytes)
Event: 9078.862 Thread 0x000001f170bd7fa0 nmethod 20335 0x000001f15bbccf90 code [0x000001f15bbcd140, 0x000001f15bbcd2d8]

GC Heap History (20 events):
Event: 6464.406 GC heap before
{Heap before GC invocations=4407 (full 5):
 PSYoungGen      total 11776K, used 11584K [0x00000000d5580000, 0x00000000d6200000, 0x0000000100000000)
  eden space 11264K, 100% used [0x00000000d5580000,0x00000000d6080000,0x00000000d6080000)
  from space 512K, 62% used [0x00000000d6180000,0x00000000d61d0000,0x00000000d6200000)
  to   space 512K, 0% used [0x00000000d6100000,0x00000000d6100000,0x00000000d6180000)
 ParOldGen       total 1059840K, used 1059836K [0x0000000080000000, 0x00000000c0b00000, 0x00000000d5580000)
  object space 1059840K, 99% used [0x0000000080000000,0x00000000c0aff320,0x00000000c0b00000)
 Metaspace       used 91033K, committed 92864K, reserved 1179648K
  class space    used 10503K, committed 11328K, reserved 1048576K
}
Event: 6464.409 GC heap after
{Heap after GC invocations=4407 (full 5):
 PSYoungGen      total 11776K, used 288K [0x00000000d5580000, 0x00000000d6200000, 0x0000000100000000)
  eden space 11264K, 0% used [0x00000000d5580000,0x00000000d5580000,0x00000000d6080000)
  from space 512K, 56% used [0x00000000d6100000,0x00000000d6148000,0x00000000d6180000)
  to   space 512K, 0% used [0x00000000d6180000,0x00000000d6180000,0x00000000d6200000)
 ParOldGen       total 1060352K, used 1059924K [0x0000000080000000, 0x00000000c0b80000, 0x00000000d5580000)
  object space 1060352K, 99% used [0x0000000080000000,0x00000000c0b15320,0x00000000c0b80000)
 Metaspace       used 91033K, committed 92864K, reserved 1179648K
  class space    used 10503K, committed 11328K, reserved 1048576K
}
Event: 6464.453 GC heap before
{Heap before GC invocations=4408 (full 5):
 PSYoungGen      total 11776K, used 11552K [0x00000000d5580000, 0x00000000d6200000, 0x0000000100000000)
  eden space 11264K, 100% used [0x00000000d5580000,0x00000000d6080000,0x00000000d6080000)
  from space 512K, 56% used [0x00000000d6100000,0x00000000d6148000,0x00000000d6180000)
  to   space 512K, 0% used [0x00000000d6180000,0x00000000d6180000,0x00000000d6200000)
 ParOldGen       total 1060352K, used 1059924K [0x0000000080000000, 0x00000000c0b80000, 0x00000000d5580000)
  object space 1060352K, 99% used [0x0000000080000000,0x00000000c0b15320,0x00000000c0b80000)
 Metaspace       used 91038K, committed 92864K, reserved 1179648K
  class space    used 10503K, committed 11328K, reserved 1048576K
}
Event: 6464.456 GC heap after
{Heap after GC invocations=4408 (full 5):
 PSYoungGen      total 11776K, used 352K [0x00000000d5580000, 0x00000000d6200000, 0x0000000100000000)
  eden space 11264K, 0% used [0x00000000d5580000,0x00000000d5580000,0x00000000d6080000)
  from space 512K, 68% used [0x00000000d6180000,0x00000000d61d8000,0x00000000d6200000)
  to   space 512K, 0% used [0x00000000d6100000,0x00000000d6100000,0x00000000d6180000)
 ParOldGen       total 1060352K, used 1060004K [0x0000000080000000, 0x00000000c0b80000, 0x00000000d5580000)
  object space 1060352K, 99% used [0x0000000080000000,0x00000000c0b29320,0x00000000c0b80000)
 Metaspace       used 91038K, committed 92864K, reserved 1179648K
  class space    used 10503K, committed 11328K, reserved 1048576K
}
Event: 6464.480 GC heap before
{Heap before GC invocations=4409 (full 5):
 PSYoungGen      total 11776K, used 11616K [0x00000000d5580000, 0x00000000d6200000, 0x0000000100000000)
  eden space 11264K, 100% used [0x00000000d5580000,0x00000000d6080000,0x00000000d6080000)
  from space 512K, 68% used [0x00000000d6180000,0x00000000d61d8000,0x00000000d6200000)
  to   space 512K, 0% used [0x00000000d6100000,0x00000000d6100000,0x00000000d6180000)
 ParOldGen       total 1060352K, used 1060004K [0x0000000080000000, 0x00000000c0b80000, 0x00000000d5580000)
  object space 1060352K, 99% used [0x0000000080000000,0x00000000c0b29320,0x00000000c0b80000)
 Metaspace       used 91038K, committed 92864K, reserved 1179648K
  class space    used 10503K, committed 11328K, reserved 1048576K
}
Event: 6464.483 GC heap after
{Heap after GC invocations=4409 (full 5):
 PSYoungGen      total 11776K, used 496K [0x00000000d5580000, 0x00000000d6280000, 0x0000000100000000)
  eden space 11264K, 0% used [0x00000000d5580000,0x00000000d5580000,0x00000000d6080000)
  from space 512K, 97% used [0x00000000d6100000,0x00000000d617c380,0x00000000d6180000)
  to   space 1024K, 0% used [0x00000000d6180000,0x00000000d6180000,0x00000000d6280000)
 ParOldGen       total 1060352K, used 1060205K [0x0000000080000000, 0x00000000c0b80000, 0x00000000d5580000)
  object space 1060352K, 99% used [0x0000000080000000,0x00000000c0b5b720,0x00000000c0b80000)
 Metaspace       used 91038K, committed 92864K, reserved 1179648K
  class space    used 10503K, committed 11328K, reserved 1048576K
}
Event: 6464.500 GC heap before
{Heap before GC invocations=4410 (full 5):
 PSYoungGen      total 11776K, used 11760K [0x00000000d5580000, 0x00000000d6280000, 0x0000000100000000)
  eden space 11264K, 100% used [0x00000000d5580000,0x00000000d6080000,0x00000000d6080000)
  from space 512K, 97% used [0x00000000d6100000,0x00000000d617c380,0x00000000d6180000)
  to   space 1024K, 0% used [0x00000000d6180000,0x00000000d6180000,0x00000000d6280000)
 ParOldGen       total 1060352K, used 1060205K [0x0000000080000000, 0x00000000c0b80000, 0x00000000d5580000)
  object space 1060352K, 99% used [0x0000000080000000,0x00000000c0b5b720,0x00000000c0b80000)
 Metaspace       used 91038K, committed 92864K, reserved 1179648K
  class space    used 10503K, committed 11328K, reserved 1048576K
}
Event: 6464.504 GC heap after
{Heap after GC invocations=4410 (full 5):
 PSYoungGen      total 12288K, used 765K [0x00000000d5580000, 0x00000000d6280000, 0x0000000100000000)
  eden space 11264K, 0% used [0x00000000d5580000,0x00000000d5580000,0x00000000d6080000)
  from space 1024K, 74% used [0x00000000d6180000,0x00000000d623f4c8,0x00000000d6280000)
  to   space 1024K, 0% used [0x00000000d6080000,0x00000000d6080000,0x00000000d6180000)
 ParOldGen       total 1060352K, used 1060325K [0x0000000080000000, 0x00000000c0b80000, 0x00000000d5580000)
  object space 1060352K, 99% used [0x0000000080000000,0x00000000c0b79720,0x00000000c0b80000)
 Metaspace       used 91038K, committed 92864K, reserved 1179648K
  class space    used 10503K, committed 11328K, reserved 1048576K
}
Event: 6464.522 GC heap before
{Heap before GC invocations=4411 (full 5):
 PSYoungGen      total 12288K, used 11877K [0x00000000d5580000, 0x00000000d6280000, 0x0000000100000000)
  eden space 11264K, 98% used [0x00000000d5580000,0x00000000d605a0e0,0x00000000d6080000)
  from space 1024K, 74% used [0x00000000d6180000,0x00000000d623f4c8,0x00000000d6280000)
  to   space 1024K, 0% used [0x00000000d6080000,0x00000000d6080000,0x00000000d6180000)
 ParOldGen       total 1060352K, used 1060325K [0x0000000080000000, 0x00000000c0b80000, 0x00000000d5580000)
  object space 1060352K, 99% used [0x0000000080000000,0x00000000c0b79720,0x00000000c0b80000)
 Metaspace       used 91039K, committed 92864K, reserved 1179648K
  class space    used 10503K, committed 11328K, reserved 1048576K
}
Event: 6464.526 GC heap after
{Heap after GC invocations=4411 (full 5):
 PSYoungGen      total 12288K, used 192K [0x00000000d5580000, 0x00000000d6200000, 0x0000000100000000)
  eden space 11264K, 0% used [0x00000000d5580000,0x00000000d5580000,0x00000000d6080000)
  from space 1024K, 18% used [0x00000000d6080000,0x00000000d60b0000,0x00000000d6180000)
  to   space 512K, 0% used [0x00000000d6180000,0x00000000d6180000,0x00000000d6200000)
 ParOldGen       total 1060864K, used 1060413K [0x0000000080000000, 0x00000000c0c00000, 0x00000000d5580000)
  object space 1060864K, 99% used [0x0000000080000000,0x00000000c0b8f720,0x00000000c0c00000)
 Metaspace       used 91039K, committed 92864K, reserved 1179648K
  class space    used 10503K, committed 11328K, reserved 1048576K
}
Event: 6464.558 GC heap before
{Heap before GC invocations=4412 (full 5):
 PSYoungGen      total 12288K, used 11456K [0x00000000d5580000, 0x00000000d6200000, 0x0000000100000000)
  eden space 11264K, 100% used [0x00000000d5580000,0x00000000d6080000,0x00000000d6080000)
  from space 1024K, 18% used [0x00000000d6080000,0x00000000d60b0000,0x00000000d6180000)
  to   space 512K, 0% used [0x00000000d6180000,0x00000000d6180000,0x00000000d6200000)
 ParOldGen       total 1060864K, used 1060413K [0x0000000080000000, 0x00000000c0c00000, 0x00000000d5580000)
  object space 1060864K, 99% used [0x0000000080000000,0x00000000c0b8f720,0x00000000c0c00000)
 Metaspace       used 91046K, committed 92864K, reserved 1179648K
  class space    used 10503K, committed 11328K, reserved 1048576K
}
Event: 6464.563 GC heap after
{Heap after GC invocations=4412 (full 5):
 PSYoungGen      total 11776K, used 494K [0x00000000d5580000, 0x00000000d6280000, 0x0000000100000000)
  eden space 11264K, 0% used [0x00000000d5580000,0x00000000d5580000,0x00000000d6080000)
  from space 512K, 96% used [0x00000000d6180000,0x00000000d61fbbf0,0x00000000d6200000)
  to   space 1024K, 0% used [0x00000000d6080000,0x00000000d6080000,0x00000000d6180000)
 ParOldGen       total 1060864K, used 1060461K [0x0000000080000000, 0x00000000c0c00000, 0x00000000d5580000)
  object space 1060864K, 99% used [0x0000000080000000,0x00000000c0b9b720,0x00000000c0c00000)
 Metaspace       used 91046K, committed 92864K, reserved 1179648K
  class space    used 10503K, committed 11328K, reserved 1048576K
}
Event: 6464.595 GC heap before
{Heap before GC invocations=4413 (full 5):
 PSYoungGen      total 11776K, used 11758K [0x00000000d5580000, 0x00000000d6280000, 0x0000000100000000)
  eden space 11264K, 100% used [0x00000000d5580000,0x00000000d6080000,0x00000000d6080000)
  from space 512K, 96% used [0x00000000d6180000,0x00000000d61fbbf0,0x00000000d6200000)
  to   space 1024K, 0% used [0x00000000d6080000,0x00000000d6080000,0x00000000d6180000)
 ParOldGen       total 1060864K, used 1060461K [0x0000000080000000, 0x00000000c0c00000, 0x00000000d5580000)
  object space 1060864K, 99% used [0x0000000080000000,0x00000000c0b9b720,0x00000000c0c00000)
 Metaspace       used 91047K, committed 92864K, reserved 1179648K
  class space    used 10503K, committed 11328K, reserved 1048576K
}
Event: 6464.599 GC heap after
{Heap after GC invocations=4413 (full 5):
 PSYoungGen      total 12288K, used 521K [0x00000000d5580000, 0x00000000d6280000, 0x0000000100000000)
  eden space 11264K, 0% used [0x00000000d5580000,0x00000000d5580000,0x00000000d6080000)
  from space 1024K, 50% used [0x00000000d6080000,0x00000000d6102400,0x00000000d6180000)
  to   space 1024K, 0% used [0x00000000d6180000,0x00000000d6180000,0x00000000d6280000)
 ParOldGen       total 1060864K, used 1060557K [0x0000000080000000, 0x00000000c0c00000, 0x00000000d5580000)
  object space 1060864K, 99% used [0x0000000080000000,0x00000000c0bb3720,0x00000000c0c00000)
 Metaspace       used 91047K, committed 92864K, reserved 1179648K
  class space    used 10503K, committed 11328K, reserved 1048576K
}
Event: 6464.613 GC heap before
{Heap before GC invocations=4414 (full 5):
 PSYoungGen      total 12288K, used 11785K [0x00000000d5580000, 0x00000000d6280000, 0x0000000100000000)
  eden space 11264K, 100% used [0x00000000d5580000,0x00000000d6080000,0x00000000d6080000)
  from space 1024K, 50% used [0x00000000d6080000,0x00000000d6102400,0x00000000d6180000)
  to   space 1024K, 0% used [0x00000000d6180000,0x00000000d6180000,0x00000000d6280000)
 ParOldGen       total 1060864K, used 1060557K [0x0000000080000000, 0x00000000c0c00000, 0x00000000d5580000)
  object space 1060864K, 99% used [0x0000000080000000,0x00000000c0bb3720,0x00000000c0c00000)
 Metaspace       used 91047K, committed 92864K, reserved 1179648K
  class space    used 10503K, committed 11328K, reserved 1048576K
}
Event: 6464.618 GC heap after
{Heap after GC invocations=4414 (full 5):
 PSYoungGen      total 12288K, used 615K [0x00000000d5580000, 0x00000000d6280000, 0x0000000100000000)
  eden space 11264K, 0% used [0x00000000d5580000,0x00000000d5580000,0x00000000d6080000)
  from space 1024K, 60% used [0x00000000d6180000,0x00000000d6219df8,0x00000000d6280000)
  to   space 1024K, 0% used [0x00000000d6080000,0x00000000d6080000,0x00000000d6180000)
 ParOldGen       total 1060864K, used 1060781K [0x0000000080000000, 0x00000000c0c00000, 0x00000000d5580000)
  object space 1060864K, 99% used [0x0000000080000000,0x00000000c0beb560,0x00000000c0c00000)
 Metaspace       used 91047K, committed 92864K, reserved 1179648K
  class space    used 10503K, committed 11328K, reserved 1048576K
}
Event: 6464.753 GC heap before
{Heap before GC invocations=4415 (full 5):
 PSYoungGen      total 12288K, used 11879K [0x00000000d5580000, 0x00000000d6280000, 0x0000000100000000)
  eden space 11264K, 100% used [0x00000000d5580000,0x00000000d6080000,0x00000000d6080000)
  from space 1024K, 60% used [0x00000000d6180000,0x00000000d6219df8,0x00000000d6280000)
  to   space 1024K, 0% used [0x00000000d6080000,0x00000000d6080000,0x00000000d6180000)
 ParOldGen       total 1060864K, used 1060781K [0x0000000080000000, 0x00000000c0c00000, 0x00000000d5580000)
  object space 1060864K, 99% used [0x0000000080000000,0x00000000c0beb560,0x00000000c0c00000)
 Metaspace       used 91048K, committed 92864K, reserved 1179648K
  class space    used 10503K, committed 11328K, reserved 1048576K
}
Event: 6464.758 GC heap after
{Heap after GC invocations=4415 (full 5):
 PSYoungGen      total 12288K, used 320K [0x00000000d5580000, 0x00000000d6200000, 0x0000000100000000)
  eden space 11264K, 0% used [0x00000000d5580000,0x00000000d5580000,0x00000000d6080000)
  from space 1024K, 31% used [0x00000000d6080000,0x00000000d60d0000,0x00000000d6180000)
  to   space 512K, 0% used [0x00000000d6180000,0x00000000d6180000,0x00000000d6200000)
 ParOldGen       total 1060864K, used 1060845K [0x0000000080000000, 0x00000000c0c00000, 0x00000000d5580000)
  object space 1060864K, 99% used [0x0000000080000000,0x00000000c0bfb560,0x00000000c0c00000)
 Metaspace       used 91048K, committed 92864K, reserved 1179648K
  class space    used 10503K, committed 11328K, reserved 1048576K
}
Event: 6761.039 GC heap before
{Heap before GC invocations=4416 (full 5):
 PSYoungGen      total 12288K, used 11579K [0x00000000d5580000, 0x00000000d6200000, 0x0000000100000000)
  eden space 11264K, 99% used [0x00000000d5580000,0x00000000d607eee0,0x00000000d6080000)
  from space 1024K, 31% used [0x00000000d6080000,0x00000000d60d0000,0x00000000d6180000)
  to   space 512K, 0% used [0x00000000d6180000,0x00000000d6180000,0x00000000d6200000)
 ParOldGen       total 1060864K, used 1060845K [0x0000000080000000, 0x00000000c0c00000, 0x00000000d5580000)
  object space 1060864K, 99% used [0x0000000080000000,0x00000000c0bfb560,0x00000000c0c00000)
 Metaspace       used 91063K, committed 92864K, reserved 1179648K
  class space    used 10504K, committed 11328K, reserved 1048576K
}
Event: 6761.042 GC heap after
{Heap after GC invocations=4416 (full 5):
 PSYoungGen      total 11776K, used 384K [0x00000000d5580000, 0x00000000d6200000, 0x0000000100000000)
  eden space 11264K, 0% used [0x00000000d5580000,0x00000000d5580000,0x00000000d6080000)
  from space 512K, 75% used [0x00000000d6180000,0x00000000d61e0000,0x00000000d6200000)
  to   space 512K, 0% used [0x00000000d6100000,0x00000000d6100000,0x00000000d6180000)
 ParOldGen       total 1061376K, used 1060975K [0x0000000080000000, 0x00000000c0c80000, 0x00000000d5580000)
  object space 1061376K, 99% used [0x0000000080000000,0x00000000c0c1be60,0x00000000c0c80000)
 Metaspace       used 91063K, committed 92864K, reserved 1179648K
  class space    used 10504K, committed 11328K, reserved 1048576K
}

Dll operation events (15 events):
Event: 0.035 Loaded shared library c:\Users\ASUS\.vscode\extensions\redhat.java-1.44.0-win32-x64\jre\21.0.8-win32-x86_64\bin\java.dll
Event: 0.252 Loaded shared library c:\Users\ASUS\.vscode\extensions\redhat.java-1.44.0-win32-x64\jre\21.0.8-win32-x86_64\bin\zip.dll
Event: 0.303 Loaded shared library C:\Users\ASUS\.vscode\extensions\redhat.java-1.44.0-win32-x64\jre\21.0.8-win32-x86_64\bin\instrument.dll
Event: 0.316 Loaded shared library C:\Users\ASUS\.vscode\extensions\redhat.java-1.44.0-win32-x64\jre\21.0.8-win32-x86_64\bin\net.dll
Event: 0.320 Loaded shared library C:\Users\ASUS\.vscode\extensions\redhat.java-1.44.0-win32-x64\jre\21.0.8-win32-x86_64\bin\nio.dll
Event: 0.325 Loaded shared library C:\Users\ASUS\.vscode\extensions\redhat.java-1.44.0-win32-x64\jre\21.0.8-win32-x86_64\bin\zip.dll
Event: 0.362 Loaded shared library C:\Users\ASUS\.vscode\extensions\redhat.java-1.44.0-win32-x64\jre\21.0.8-win32-x86_64\bin\jimage.dll
Event: 0.498 Loaded shared library c:\Users\ASUS\.vscode\extensions\redhat.java-1.44.0-win32-x64\jre\21.0.8-win32-x86_64\bin\verify.dll
Event: 13.397 Loaded shared library C:\Users\ASUS\AppData\Roaming\Code\User\globalStorage\redhat.java\1.44.0\config_win\org.eclipse.equinox.launcher\org.eclipse.equinox.launcher.win32.win32.x86_64_1.2.1400.v20250730-1736\eclipse_11913.dll
Event: 26.274 Loaded shared library C:\Users\ASUS\.vscode\extensions\redhat.java-1.44.0-win32-x64\jre\21.0.8-win32-x86_64\bin\management.dll
Event: 26.278 Loaded shared library C:\Users\ASUS\.vscode\extensions\redhat.java-1.44.0-win32-x64\jre\21.0.8-win32-x86_64\bin\management_ext.dll
Event: 28.724 Loaded shared library C:\Users\ASUS\AppData\Local\Temp\jna-2018896\jna17462767088950964681.dll
Event: 28.988 Loaded shared library C:\Users\ASUS\.vscode\extensions\redhat.java-1.44.0-win32-x64\jre\21.0.8-win32-x86_64\bin\sunmscapi.dll
Event: 29.825 Loaded shared library C:\Users\ASUS\.vscode\extensions\redhat.java-1.44.0-win32-x64\jre\21.0.8-win32-x86_64\bin\extnet.dll
Event: 39.895 Loaded shared library C:\Users\ASUS\.gradle\native\1def1411415f61bf3af743bc5b6707747c0891f09f0c88961ee8f79bc544acac\windows-amd64\native-platform.dll

Deoptimization events (20 events):
Event: 6464.458 Thread 0x000001f148d50250 DEOPT PACKING pc=0x000001f15e53a8df sp=0x0000004c6c8fe7a0
Event: 6464.458 Thread 0x000001f148d50250 DEOPT UNPACKING pc=0x000001f162ce4242 sp=0x0000004c6c8fdc80 mode 0
Event: 6464.487 Thread 0x000001f148d50250 DEOPT PACKING pc=0x000001f15cd47cd5 sp=0x0000004c6c8fdac0
Event: 6464.487 Thread 0x000001f148d50250 DEOPT UNPACKING pc=0x000001f162ce4242 sp=0x0000004c6c8fcf38 mode 0
Event: 6464.527 Thread 0x000001f148d50250 Uncommon trap: trap_request=0xffffffde fr.pc=0x000001f1647f0d88 relative=0x0000000000001648
Event: 6464.527 Thread 0x000001f148d50250 Uncommon trap: reason=class_check action=maybe_recompile pc=0x000001f1647f0d88 method=org.eclipse.jdt.internal.core.JavaModelCache.getInfo(Lorg/eclipse/jdt/core/IJavaElement;)Lorg/eclipse/jdt/internal/compiler/env/IElementInfo; @ 118 c2
Event: 6464.527 Thread 0x000001f148d50250 DEOPT PACKING pc=0x000001f1647f0d88 sp=0x0000004c6c8fe280
Event: 6464.527 Thread 0x000001f148d50250 DEOPT UNPACKING pc=0x000001f162ce3aa2 sp=0x0000004c6c8fe248 mode 2
Event: 6464.582 Thread 0x000001f148d50250 DEOPT PACKING pc=0x000001f15e53a8df sp=0x0000004c6c8fe7c0
Event: 6464.582 Thread 0x000001f148d50250 DEOPT UNPACKING pc=0x000001f162ce4242 sp=0x0000004c6c8fdca0 mode 0
Event: 8223.611 Thread 0x000001f17b8dc170 DEOPT PACKING pc=0x000001f15baaf723 sp=0x0000004c6a1ff3d0
Event: 8223.613 Thread 0x000001f17b8dc170 DEOPT UNPACKING pc=0x000001f162ce4242 sp=0x0000004c6a1fe8b8 mode 0
Event: 9078.231 Thread 0x000001f179819d20 Uncommon trap: trap_request=0xffffffcc fr.pc=0x000001f163a1dbe4 relative=0x0000000000003104
Event: 9078.232 Thread 0x000001f179819d20 Uncommon trap: reason=intrinsic_or_type_checked_inlining action=make_not_entrant pc=0x000001f163a1dbe4 method=org.eclipse.core.internal.resources.WorkspaceRoot.getProjects(I)[Lorg/eclipse/core/resources/IProject; @ 8 c2
Event: 9078.232 Thread 0x000001f179819d20 DEOPT PACKING pc=0x000001f163a1dbe4 sp=0x0000004c6e9feff0
Event: 9078.233 Thread 0x000001f179819d20 DEOPT UNPACKING pc=0x000001f162ce3aa2 sp=0x0000004c6e9fef00 mode 2
Event: 9078.237 Thread 0x000001f179819d20 Uncommon trap: trap_request=0xffffff45 fr.pc=0x000001f16471f288 relative=0x0000000000000068
Event: 9078.238 Thread 0x000001f179819d20 Uncommon trap: reason=unstable_if action=reinterpret pc=0x000001f16471f288 method=java.net.URI.isAbsolute()Z @ 4 c2
Event: 9078.238 Thread 0x000001f179819d20 DEOPT PACKING pc=0x000001f16471f288 sp=0x0000004c6e9fefb0
Event: 9078.238 Thread 0x000001f179819d20 DEOPT UNPACKING pc=0x000001f162ce3aa2 sp=0x0000004c6e9fef40 mode 2

Classes loaded (20 events):
Event: 465.312 Loading class java/util/TreeMap$AscendingSubMap
Event: 465.313 Loading class java/util/TreeMap$NavigableSubMap
Event: 465.314 Loading class java/util/TreeMap$NavigableSubMap done
Event: 465.314 Loading class java/util/TreeMap$AscendingSubMap done
Event: 465.316 Loading class java/util/TreeMap$AscendingSubMap$AscendingEntrySetView
Event: 465.316 Loading class java/util/TreeMap$NavigableSubMap$EntrySetView
Event: 465.316 Loading class java/util/TreeMap$NavigableSubMap$EntrySetView done
Event: 465.316 Loading class java/util/TreeMap$AscendingSubMap$AscendingEntrySetView done
Event: 465.316 Loading class java/util/TreeMap$NavigableSubMap$SubMapEntryIterator
Event: 465.316 Loading class java/util/TreeMap$NavigableSubMap$SubMapIterator
Event: 465.317 Loading class java/util/TreeMap$NavigableSubMap$SubMapIterator done
Event: 465.317 Loading class java/util/TreeMap$NavigableSubMap$SubMapEntryIterator done
Event: 511.545 Loading class java/util/concurrent/CompletableFuture$UniApply
Event: 511.557 Loading class java/util/concurrent/CompletableFuture$UniCompletion
Event: 511.558 Loading class java/util/concurrent/CompletableFuture$UniCompletion done
Event: 511.558 Loading class java/util/concurrent/CompletableFuture$UniApply done
Event: 511.559 Loading class java/util/concurrent/CompletableFuture$UniAccept
Event: 511.559 Loading class java/util/concurrent/CompletableFuture$UniAccept done
Event: 511.560 Loading class java/util/concurrent/CompletableFuture$UniExceptionally
Event: 511.560 Loading class java/util/concurrent/CompletableFuture$UniExceptionally done

Classes unloaded (12 events):
Event: 27.242 Thread 0x000001f16f6f43f0 Unloading class 0x000001f1011b9000 'java/lang/invoke/LambdaForm$MH+0x000001f1011b9000'
Event: 27.242 Thread 0x000001f16f6f43f0 Unloading class 0x000001f1011b8c00 'java/lang/invoke/LambdaForm$MH+0x000001f1011b8c00'
Event: 27.242 Thread 0x000001f16f6f43f0 Unloading class 0x000001f1011b8800 'java/lang/invoke/LambdaForm$MH+0x000001f1011b8800'
Event: 27.242 Thread 0x000001f16f6f43f0 Unloading class 0x000001f1011b8400 'java/lang/invoke/LambdaForm$MH+0x000001f1011b8400'
Event: 27.242 Thread 0x000001f16f6f43f0 Unloading class 0x000001f1011b8000 'java/lang/invoke/LambdaForm$BMH+0x000001f1011b8000'
Event: 27.242 Thread 0x000001f16f6f43f0 Unloading class 0x000001f1011b7c00 'java/lang/invoke/LambdaForm$DMH+0x000001f1011b7c00'
Event: 27.242 Thread 0x000001f16f6f43f0 Unloading class 0x000001f1011b6800 'java/lang/invoke/LambdaForm$DMH+0x000001f1011b6800'
Event: 29.159 Thread 0x000001f16f6f43f0 Unloading class 0x000001f1012fd400 'java/lang/invoke/LambdaForm$MH+0x000001f1012fd400'
Event: 29.159 Thread 0x000001f16f6f43f0 Unloading class 0x000001f1012fc800 'java/lang/invoke/LambdaForm$MH+0x000001f1012fc800'
Event: 29.159 Thread 0x000001f16f6f43f0 Unloading class 0x000001f1012fc000 'java/lang/invoke/LambdaForm$MH+0x000001f1012fc000'
Event: 29.159 Thread 0x000001f16f6f43f0 Unloading class 0x000001f1012fb800 'java/lang/invoke/LambdaForm$DMH+0x000001f1012fb800'
Event: 29.159 Thread 0x000001f16f6f43f0 Unloading class 0x000001f1012fac00 'java/lang/invoke/LambdaForm$MH+0x000001f1012fac00'

Classes redefined (0 events):
No events

Internal exceptions (20 events):
Event: 6464.283 Thread 0x000001f179819d20 Exception <a 'sun/nio/fs/WindowsException'{0x00000000d57ed1a8}> (0x00000000d57ed1a8) 
thrown [s\src\hotspot\share\prims\jni.cpp, line 520]
Event: 6464.290 Thread 0x000001f179819d20 Exception <a 'sun/nio/fs/WindowsException'{0x00000000d5876a78}> (0x00000000d5876a78) 
thrown [s\src\hotspot\share\prims\jni.cpp, line 520]
Event: 6464.290 Thread 0x000001f179819d20 Exception <a 'sun/nio/fs/WindowsException'{0x00000000d5876ec0}> (0x00000000d5876ec0) 
thrown [s\src\hotspot\share\prims\jni.cpp, line 520]
Event: 6464.298 Thread 0x000001f179819d20 Exception <a 'sun/nio/fs/WindowsException'{0x00000000d58d0088}> (0x00000000d58d0088) 
thrown [s\src\hotspot\share\prims\jni.cpp, line 520]
Event: 6464.298 Thread 0x000001f179819d20 Exception <a 'sun/nio/fs/WindowsException'{0x00000000d58d04f8}> (0x00000000d58d04f8) 
thrown [s\src\hotspot\share\prims\jni.cpp, line 520]
Event: 6464.302 Thread 0x000001f179819d20 Exception <a 'sun/nio/fs/WindowsException'{0x00000000d5929940}> (0x00000000d5929940) 
thrown [s\src\hotspot\share\prims\jni.cpp, line 520]
Event: 6464.302 Thread 0x000001f179819d20 Exception <a 'sun/nio/fs/WindowsException'{0x00000000d5929da8}> (0x00000000d5929da8) 
thrown [s\src\hotspot\share\prims\jni.cpp, line 520]
Event: 6464.305 Thread 0x000001f179819d20 Exception <a 'sun/nio/fs/WindowsException'{0x00000000d59833b0}> (0x00000000d59833b0) 
thrown [s\src\hotspot\share\prims\jni.cpp, line 520]
Event: 6464.305 Thread 0x000001f179819d20 Exception <a 'sun/nio/fs/WindowsException'{0x00000000d5983830}> (0x00000000d5983830) 
thrown [s\src\hotspot\share\prims\jni.cpp, line 520]
Event: 6464.322 Thread 0x000001f179819d20 Exception <a 'sun/nio/fs/WindowsException'{0x00000000d59dd248}> (0x00000000d59dd248) 
thrown [s\src\hotspot\share\prims\jni.cpp, line 520]
Event: 6464.322 Thread 0x000001f179819d20 Exception <a 'sun/nio/fs/WindowsException'{0x00000000d59dd6b8}> (0x00000000d59dd6b8) 
thrown [s\src\hotspot\share\prims\jni.cpp, line 520]
Event: 6464.331 Thread 0x000001f179819d20 Exception <a 'sun/nio/fs/WindowsException'{0x00000000d5a87da0}> (0x00000000d5a87da0) 
thrown [s\src\hotspot\share\prims\jni.cpp, line 520]
Event: 6464.331 Thread 0x000001f179819d20 Exception <a 'sun/nio/fs/WindowsException'{0x00000000d5a88210}> (0x00000000d5a88210) 
thrown [s\src\hotspot\share\prims\jni.cpp, line 520]
Event: 6464.336 Thread 0x000001f179819d20 Exception <a 'sun/nio/fs/WindowsException'{0x00000000d5bd4298}> (0x00000000d5bd4298) 
thrown [s\src\hotspot\share\prims\jni.cpp, line 520]
Event: 6464.336 Thread 0x000001f179819d20 Exception <a 'sun/nio/fs/WindowsException'{0x00000000d5bd4708}> (0x00000000d5bd4708) 
thrown [s\src\hotspot\share\prims\jni.cpp, line 520]
Event: 6464.343 Thread 0x000001f179819d20 Exception <a 'sun/nio/fs/WindowsException'{0x00000000d5c2dd00}> (0x00000000d5c2dd00) 
thrown [s\src\hotspot\share\prims\jni.cpp, line 520]
Event: 6464.343 Thread 0x000001f179819d20 Exception <a 'sun/nio/fs/WindowsException'{0x00000000d5c2e170}> (0x00000000d5c2e170) 
thrown [s\src\hotspot\share\prims\jni.cpp, line 520]
Event: 6464.352 Thread 0x000001f179819d20 Exception <a 'sun/nio/fs/WindowsException'{0x00000000d5c87a70}> (0x00000000d5c87a70) 
thrown [s\src\hotspot\share\prims\jni.cpp, line 520]
Event: 6464.352 Thread 0x000001f179819d20 Exception <a 'sun/nio/fs/WindowsException'{0x00000000d5c87ee0}> (0x00000000d5c87ee0) 
thrown [s\src\hotspot\share\prims\jni.cpp, line 520]
Event: 9078.815 Thread 0x000001f172746780 Exception <a 'sun/nio/fs/WindowsException'{0x00000000d5880708}> (0x00000000d5880708) 
thrown [s\src\hotspot\share\prims\jni.cpp, line 520]

ZGC Phase Switch (0 events):
No events

VM Operations (20 events):
Event: 7756.353 Executing VM operation: RendezvousGCThreads
Event: 7756.353 Executing VM operation: RendezvousGCThreads done
Event: 8598.209 Executing VM operation: HandshakeAllThreads (HandshakeForDeflation)
Event: 8598.211 Executing VM operation: HandshakeAllThreads (HandshakeForDeflation) done
Event: 8598.211 Executing VM operation: RendezvousGCThreads
Event: 8598.211 Executing VM operation: RendezvousGCThreads done
Event: 8718.451 Executing VM operation: HandshakeAllThreads (HandshakeForDeflation)
Event: 8718.459 Executing VM operation: HandshakeAllThreads (HandshakeForDeflation) done
Event: 8718.459 Executing VM operation: RendezvousGCThreads
Event: 8718.459 Executing VM operation: RendezvousGCThreads done
Event: 8778.589 Executing VM operation: HandshakeAllThreads (HandshakeForDeflation)
Event: 8778.589 Executing VM operation: HandshakeAllThreads (HandshakeForDeflation) done
Event: 8778.589 Executing VM operation: RendezvousGCThreads
Event: 8778.589 Executing VM operation: RendezvousGCThreads done
Event: 9078.757 Executing VM operation: Cleanup
Event: 9078.778 Executing VM operation: Cleanup done
Event: 9079.147 Executing VM operation: HandshakeAllThreads (HandshakeForDeflation)
Event: 9079.147 Executing VM operation: HandshakeAllThreads (HandshakeForDeflation) done
Event: 9079.147 Executing VM operation: RendezvousGCThreads
Event: 9079.147 Executing VM operation: RendezvousGCThreads done

Memory protections (0 events):
No events

Nmethod flushes (20 events):
Event: 486.142 Thread 0x000001f16f6f43f0 flushing  nmethod 0x000001f15d935790
Event: 486.142 Thread 0x000001f16f6f43f0 flushing  nmethod 0x000001f15d95b910
Event: 486.142 Thread 0x000001f16f6f43f0 flushing  nmethod 0x000001f15d95c390
Event: 486.142 Thread 0x000001f16f6f43f0 flushing  nmethod 0x000001f15d960490
Event: 486.142 Thread 0x000001f16f6f43f0 flushing  nmethod 0x000001f15d960c90
Event: 486.142 Thread 0x000001f16f6f43f0 flushing  nmethod 0x000001f15d9a4290
Event: 486.142 Thread 0x000001f16f6f43f0 flushing  nmethod 0x000001f15d9a4910
Event: 486.142 Thread 0x000001f16f6f43f0 flushing  nmethod 0x000001f15d9a9310
Event: 486.142 Thread 0x000001f16f6f43f0 flushing  nmethod 0x000001f15d9a9990
Event: 486.142 Thread 0x000001f16f6f43f0 flushing osr nmethod 0x000001f15d9b2990
Event: 486.142 Thread 0x000001f16f6f43f0 flushing  nmethod 0x000001f15d9b9c10
Event: 486.142 Thread 0x000001f16f6f43f0 flushing  nmethod 0x000001f15d9c7810
Event: 486.142 Thread 0x000001f16f6f43f0 flushing  nmethod 0x000001f15d9e7210
Event: 486.142 Thread 0x000001f16f6f43f0 flushing  nmethod 0x000001f15d9e7d10
Event: 486.142 Thread 0x000001f16f6f43f0 flushing  nmethod 0x000001f15d9f2a90
Event: 486.142 Thread 0x000001f16f6f43f0 flushing  nmethod 0x000001f15da1c990
Event: 486.142 Thread 0x000001f16f6f43f0 flushing  nmethod 0x000001f15da3c690
Event: 486.142 Thread 0x000001f16f6f43f0 flushing  nmethod 0x000001f15da5b410
Event: 486.142 Thread 0x000001f16f6f43f0 flushing  nmethod 0x000001f15daad710
Event: 486.142 Thread 0x000001f16f6f43f0 flushing osr nmethod 0x000001f15dab8810

Events (20 events):
Event: 1412.378 Thread 0x000001f17e27a390 Thread exited: 0x000001f17e27a390
Event: 1430.823 Thread 0x000001f17d886340 Thread exited: 0x000001f17d886340
Event: 6459.771 Thread 0x000001f170bd7fa0 Thread added: 0x000001f17b559730
Event: 6460.967 Thread 0x000001f170bd7fa0 Thread added: 0x000001f17b55c6e0
Event: 6461.448 Thread 0x000001f17b55c6e0 Thread exited: 0x000001f17b55c6e0
Event: 6461.489 Thread 0x000001f17981f270 Thread added: 0x000001f148d51c90
Event: 6461.496 Thread 0x000001f148d51c90 Thread added: 0x000001f148d52320
Event: 6461.498 Thread 0x000001f148d52320 Thread added: 0x000001f148d50250
Event: 6462.179 Thread 0x000001f17b559730 Thread exited: 0x000001f17b559730
Event: 6463.157 Thread 0x000001f170bd7fa0 Thread added: 0x000001f17b55cdb0
Event: 6463.658 Thread 0x000001f170bd7fa0 Thread added: 0x000001f17b559730
Event: 6463.659 Thread 0x000001f170bd7fa0 Thread added: 0x000001f17b55d480
Event: 6464.446 Thread 0x000001f17b55d480 Thread exited: 0x000001f17b55d480
Event: 6464.447 Thread 0x000001f17b559730 Thread exited: 0x000001f17b559730
Event: 6465.100 Thread 0x000001f17b55cdb0 Thread exited: 0x000001f17b55cdb0
Event: 6524.650 Thread 0x000001f148d50250 Thread exited: 0x000001f148d50250
Event: 6584.651 Thread 0x000001f148d51c90 Thread exited: 0x000001f148d51c90
Event: 6644.651 Thread 0x000001f148d52320 Thread exited: 0x000001f148d52320
Event: 6761.007 Thread 0x000001f172746780 Thread added: 0x000001f148d508e0
Event: 6761.009 Thread 0x000001f148d508e0 Thread exited: 0x000001f148d508e0


Dynamic libraries:
0x00007ff7cd310000 - 0x00007ff7cd31e000 	c:\Users\ASUS\.vscode\extensions\redhat.java-1.44.0-win32-x64\jre\21.0.8-win32-x86_64\bin\java.exe
0x00007fff403a0000 - 0x00007fff40607000 	C:\WINDOWS\SYSTEM32\ntdll.dll
0x00007fff3e7a0000 - 0x00007fff3e869000 	C:\WINDOWS\System32\KERNEL32.DLL
0x00007fff3dd30000 - 0x00007fff3e120000 	C:\WINDOWS\System32\KERNELBASE.dll
0x00007fff39f60000 - 0x00007fff39ffe000 	C:\WINDOWS\SYSTEM32\apphelp.dll
0x00007fff3d4d0000 - 0x00007fff3d61b000 	C:\WINDOWS\System32\ucrtbase.dll
0x00007fff05b50000 - 0x00007fff05b68000 	c:\Users\ASUS\.vscode\extensions\redhat.java-1.44.0-win32-x64\jre\21.0.8-win32-x86_64\bin\jli.dll
0x00007fff3f070000 - 0x00007fff3f235000 	C:\WINDOWS\System32\USER32.dll
0x00007fff3d620000 - 0x00007fff3d647000 	C:\WINDOWS\System32\win32u.dll
0x00007fff2c180000 - 0x00007fff2c41a000 	C:\WINDOWS\WinSxS\amd64_microsoft.windows.common-controls_6595b64144ccf1df_6.0.26100.4768_none_3e0c112ce331287c\COMCTL32.dll
0x00007fff3e6f0000 - 0x00007fff3e799000 	C:\WINDOWS\System32\msvcrt.dll
0x00007fff3f810000 - 0x00007fff3f83b000 	C:\WINDOWS\System32\GDI32.dll
0x00007fff3d860000 - 0x00007fff3d998000 	C:\WINDOWS\System32\gdi32full.dll
0x00007fff3d650000 - 0x00007fff3d6f3000 	C:\WINDOWS\System32\msvcp_win.dll
0x00007fff072d0000 - 0x00007fff072ee000 	c:\Users\ASUS\.vscode\extensions\redhat.java-1.44.0-win32-x64\jre\21.0.8-win32-x86_64\bin\VCRUNTIME140.dll
0x00007fff3ff90000 - 0x00007fff3ffbf000 	C:\WINDOWS\System32\IMM32.DLL
0x00007fff108c0000 - 0x00007fff108cc000 	c:\Users\ASUS\.vscode\extensions\redhat.java-1.44.0-win32-x64\jre\21.0.8-win32-x86_64\bin\vcruntime140_1.dll
0x00007ffeeea60000 - 0x00007ffeeeaed000 	c:\Users\ASUS\.vscode\extensions\redhat.java-1.44.0-win32-x64\jre\21.0.8-win32-x86_64\bin\msvcp140.dll
0x00007ffe88bc0000 - 0x00007ffe89957000 	c:\Users\ASUS\.vscode\extensions\redhat.java-1.44.0-win32-x64\jre\21.0.8-win32-x86_64\bin\server\jvm.dll
0x00007fff3e130000 - 0x00007fff3e1e4000 	C:\WINDOWS\System32\ADVAPI32.dll
0x00007fff3e870000 - 0x00007fff3e916000 	C:\WINDOWS\System32\sechost.dll
0x00007fff401c0000 - 0x00007fff402d8000 	C:\WINDOWS\System32\RPCRT4.dll
0x00007fff3f720000 - 0x00007fff3f794000 	C:\WINDOWS\System32\WS2_32.dll
0x00007fff3d280000 - 0x00007fff3d2de000 	C:\WINDOWS\SYSTEM32\POWRPROF.dll
0x00007fff363f0000 - 0x00007fff36425000 	C:\WINDOWS\SYSTEM32\WINMM.dll
0x00007fff36b50000 - 0x00007fff36b5b000 	C:\WINDOWS\SYSTEM32\VERSION.dll
0x00007fff3d260000 - 0x00007fff3d274000 	C:\WINDOWS\SYSTEM32\UMPDC.dll
0x00007fff3c1b0000 - 0x00007fff3c1cb000 	C:\WINDOWS\SYSTEM32\kernel.appcore.dll
0x00007fff0f210000 - 0x00007fff0f21a000 	c:\Users\ASUS\.vscode\extensions\redhat.java-1.44.0-win32-x64\jre\21.0.8-win32-x86_64\bin\jimage.dll
0x00007fff3ac20000 - 0x00007fff3ae61000 	C:\WINDOWS\SYSTEM32\DBGHELP.DLL
0x00007fff3ec60000 - 0x00007fff3efe5000 	C:\WINDOWS\System32\combase.dll
0x00007fff3ffd0000 - 0x00007fff400b0000 	C:\WINDOWS\System32\OLEAUT32.dll
0x00007fff2f830000 - 0x00007fff2f873000 	C:\WINDOWS\SYSTEM32\dbgcore.DLL
0x00007fff3d7c0000 - 0x00007fff3d859000 	C:\WINDOWS\System32\bcryptPrimitives.dll
0x00007fff0bc60000 - 0x00007fff0bc6f000 	c:\Users\ASUS\.vscode\extensions\redhat.java-1.44.0-win32-x64\jre\21.0.8-win32-x86_64\bin\instrument.dll
0x00007fff04d40000 - 0x00007fff04d5f000 	c:\Users\ASUS\.vscode\extensions\redhat.java-1.44.0-win32-x64\jre\21.0.8-win32-x86_64\bin\java.dll
0x00007fff3f840000 - 0x00007fff3ff8d000 	C:\WINDOWS\System32\SHELL32.dll
0x00007fff3dbb0000 - 0x00007fff3dd23000 	C:\WINDOWS\System32\wintypes.dll
0x00007fff3b0d0000 - 0x00007fff3b92f000 	C:\WINDOWS\SYSTEM32\windows.storage.dll
0x00007fff3f240000 - 0x00007fff3f335000 	C:\WINDOWS\System32\SHCORE.dll
0x00007fff3f7a0000 - 0x00007fff3f80a000 	C:\WINDOWS\System32\shlwapi.dll
0x00007fff3d3f0000 - 0x00007fff3d419000 	C:\WINDOWS\SYSTEM32\profapi.dll
0x00007fff026c0000 - 0x00007fff026d8000 	c:\Users\ASUS\.vscode\extensions\redhat.java-1.44.0-win32-x64\jre\21.0.8-win32-x86_64\bin\zip.dll
0x00007fff1d2c0000 - 0x00007fff1d2d0000 	C:\Users\ASUS\.vscode\extensions\redhat.java-1.44.0-win32-x64\jre\21.0.8-win32-x86_64\bin\net.dll
0x00007fff34210000 - 0x00007fff3432e000 	C:\WINDOWS\SYSTEM32\WINHTTP.dll
0x00007fff3c7e0000 - 0x00007fff3c84b000 	C:\WINDOWS\system32\mswsock.dll
0x00007fff071d0000 - 0x00007fff071e6000 	C:\Users\ASUS\.vscode\extensions\redhat.java-1.44.0-win32-x64\jre\21.0.8-win32-x86_64\bin\nio.dll
0x00007fff20110000 - 0x00007fff20120000 	c:\Users\ASUS\.vscode\extensions\redhat.java-1.44.0-win32-x64\jre\21.0.8-win32-x86_64\bin\verify.dll
0x00007fff04df0000 - 0x00007fff04e35000 	C:\Users\ASUS\AppData\Roaming\Code\User\globalStorage\redhat.java\1.44.0\config_win\org.eclipse.equinox.launcher\org.eclipse.equinox.launcher.win32.win32.x86_64_1.2.1400.v20250730-1736\eclipse_11913.dll
0x00007fff3f550000 - 0x00007fff3f6f0000 	C:\WINDOWS\System32\ole32.dll
0x00007fff20100000 - 0x00007fff2010a000 	C:\Users\ASUS\.vscode\extensions\redhat.java-1.44.0-win32-x64\jre\21.0.8-win32-x86_64\bin\management.dll
0x00007fff1d2b0000 - 0x00007fff1d2bb000 	C:\Users\ASUS\.vscode\extensions\redhat.java-1.44.0-win32-x64\jre\21.0.8-win32-x86_64\bin\management_ext.dll
0x00007fff3e9e0000 - 0x00007fff3e9e8000 	C:\WINDOWS\System32\PSAPI.DLL
0x00007fff3cab0000 - 0x00007fff3cacb000 	C:\WINDOWS\SYSTEM32\CRYPTSP.dll
0x00007fff3c1d0000 - 0x00007fff3c20b000 	C:\WINDOWS\system32\rsaenh.dll
0x00007fff3c880000 - 0x00007fff3c8ab000 	C:\WINDOWS\SYSTEM32\USERENV.dll
0x00007fff3d3c0000 - 0x00007fff3d3e6000 	C:\WINDOWS\SYSTEM32\bcrypt.dll
0x00007fff3caa0000 - 0x00007fff3caac000 	C:\WINDOWS\SYSTEM32\CRYPTBASE.dll
0x00007fff3bc40000 - 0x00007fff3bc73000 	C:\WINDOWS\SYSTEM32\IPHLPAPI.DLL
0x00007fff3e680000 - 0x00007fff3e68a000 	C:\WINDOWS\System32\NSI.dll
0x00007fff07180000 - 0x00007fff071c9000 	C:\Users\ASUS\AppData\Local\Temp\jna-2018896\jna17462767088950964681.dll
0x00007fff36300000 - 0x00007fff3631f000 	C:\WINDOWS\SYSTEM32\dhcpcsvc6.DLL
0x00007fff36280000 - 0x00007fff362a5000 	C:\WINDOWS\SYSTEM32\dhcpcsvc.DLL
0x00007fff0afd0000 - 0x00007fff0afde000 	C:\Users\ASUS\.vscode\extensions\redhat.java-1.44.0-win32-x64\jre\21.0.8-win32-x86_64\bin\sunmscapi.dll
0x00007fff3d9a0000 - 0x00007fff3db17000 	C:\WINDOWS\System32\CRYPT32.dll
0x00007fff3ccc0000 - 0x00007fff3ccf0000 	C:\WINDOWS\SYSTEM32\ncrypt.dll
0x00007fff3cc70000 - 0x00007fff3ccaf000 	C:\WINDOWS\SYSTEM32\NTASN1.dll
0x00007fff3bcd0000 - 0x00007fff3bdf6000 	C:\WINDOWS\SYSTEM32\DNSAPI.dll
0x00007fff31270000 - 0x00007fff3127b000 	C:\Windows\System32\rasadhlp.dll
0x00007fff33980000 - 0x00007fff33a06000 	C:\WINDOWS\System32\fwpuclnt.dll
0x00007fff0a290000 - 0x00007fff0a299000 	C:\Users\ASUS\.vscode\extensions\redhat.java-1.44.0-win32-x64\jre\21.0.8-win32-x86_64\bin\extnet.dll
0x00007fff04d60000 - 0x00007fff04d87000 	C:\Users\ASUS\.gradle\native\1def1411415f61bf3af743bc5b6707747c0891f09f0c88961ee8f79bc544acac\windows-amd64\native-platform.dll
0x00007ffed45b0000 - 0x00007ffed45b8000 	C:\WINDOWS\system32\wshunix.dll

JVMTI agents:
c:\Users\ASUS\.vscode\extensions\redhat.java-1.44.0-win32-x64\lombok\lombok-1.18.39-4050.jar path:c:\Users\ASUS\.vscode\extensions\redhat.java-1.44.0-win32-x64\jre\21.0.8-win32-x86_64\bin\instrument.dll, loaded, initialized, instrumentlib options:none

dbghelp: loaded successfully - version: 4.0.5 - missing functions: none
symbol engine: initialized successfully - sym options: 0x614 - pdb path: .;c:\Users\ASUS\.vscode\extensions\redhat.java-1.44.0-win32-x64\jre\21.0.8-win32-x86_64\bin;C:\WINDOWS\SYSTEM32;C:\WINDOWS\WinSxS\amd64_microsoft.windows.common-controls_6595b64144ccf1df_6.0.26100.4768_none_3e0c112ce331287c;c:\Users\ASUS\.vscode\extensions\redhat.java-1.44.0-win32-x64\jre\21.0.8-win32-x86_64\bin\server;C:\Users\ASUS\AppData\Roaming\Code\User\globalStorage\redhat.java\1.44.0\config_win\org.eclipse.equinox.launcher\org.eclipse.equinox.launcher.win32.win32.x86_64_1.2.1400.v20250730-1736;C:\Users\ASUS\AppData\Local\Temp\jna-2018896;C:\Users\ASUS\.gradle\native\1def1411415f61bf3af743bc5b6707747c0891f09f0c88961ee8f79bc544acac\windows-amd64

VM Arguments:
jvm_args: --add-modules=ALL-SYSTEM --add-opens=java.base/java.util=ALL-UNNAMED --add-opens=java.base/java.lang=ALL-UNNAMED --add-opens=java.base/sun.nio.fs=ALL-UNNAMED -Declipse.application=org.eclipse.jdt.ls.core.id1 -Dosgi.bundles.defaultStartLevel=4 -Declipse.product=org.eclipse.jdt.ls.core.product -Djava.import.generatesMetadataFilesAtProjectRoot=false -DDetectVMInstallationsJob.disabled=true -Dfile.encoding=utf8 -XX:+UseParallelGC -XX:GCTimeRatio=4 -XX:AdaptiveSizePolicyWeight=90 -Dsun.zip.disableMemoryMapping=true -Xmx2G -Xms100m -Xlog:disable -javaagent:c:\Users\ASUS\.vscode\extensions\redhat.java-1.44.0-win32-x64\lombok\lombok-1.18.39-4050.jar -XX:+HeapDumpOnOutOfMemoryError -XX:HeapDumpPath=c:\Users\ASUS\AppData\Roaming\Code\User\workspaceStorage\99924698091601af383fcb7a07f3658c\redhat.java -Daether.dependencyCollector.impl=bf 
java_command: c:\Users\ASUS\.vscode\extensions\redhat.java-1.44.0-win32-x64\server\plugins\org.eclipse.equinox.launcher_1.7.0.v20250519-0528.jar -configuration c:\Users\ASUS\AppData\Roaming\Code\User\globalStorage\redhat.java\1.44.0\config_win -data c:\Users\ASUS\AppData\Roaming\Code\User\workspaceStorage\99924698091601af383fcb7a07f3658c\redhat.java\jdt_ws --pipe=\\.\pipe\lsp-86fbd7a7c0b1a91abe2b9b61c42a9bdd-sock
java_class_path (initial): c:\Users\ASUS\.vscode\extensions\redhat.java-1.44.0-win32-x64\server\plugins\org.eclipse.equinox.launcher_1.7.0.v20250519-0528.jar
Launcher Type: SUN_STANDARD

[Global flags]
    uintx AdaptiveSizePolicyWeight                 = 90                                        {product} {command line}
     intx CICompilerCount                          = 12                                        {product} {ergonomic}
    uintx GCTimeRatio                              = 4                                         {product} {command line}
     bool HeapDumpOnOutOfMemoryError               = true                                   {manageable} {command line}
    ccstr HeapDumpPath                             = c:\Users\ASUS\AppData\Roaming\Code\User\workspaceStorage\99924698091601af383fcb7a07f3658c\redhat.java         {manageable} {command line}
   size_t InitialHeapSize                          = 104857600                                 {product} {command line}
   size_t MaxHeapSize                              = 2147483648                                {product} {command line}
   size_t MaxNewSize                               = 715653120                                 {product} {ergonomic}
   size_t MinHeapDeltaBytes                        = 524288                                    {product} {ergonomic}
   size_t MinHeapSize                              = 104857600                                 {product} {command line}
   size_t NewSize                                  = 34603008                                  {product} {ergonomic}
    uintx NonNMethodCodeHeapSize                   = 7602480                                {pd product} {ergonomic}
    uintx NonProfiledCodeHeapSize                  = 122027880                              {pd product} {ergonomic}
   size_t OldSize                                  = 70254592                                  {product} {ergonomic}
    uintx ProfiledCodeHeapSize                     = 122027880                              {pd product} {ergonomic}
    uintx ReservedCodeCacheSize                    = 251658240                              {pd product} {ergonomic}
     bool SegmentedCodeCache                       = true                                      {product} {ergonomic}
   size_t SoftMaxHeapSize                          = 2147483648                             {manageable} {ergonomic}
     bool UseCompressedOops                        = true                           {product lp64_product} {ergonomic}
     bool UseLargePagesIndividualAllocation        = false                                  {pd product} {ergonomic}
     bool UseParallelGC                            = true                                      {product} {command line}

Logging:
Log output configuration:
 #0: stdout all=off uptime,level,tags foldmultilines=false
 #1: stderr all=off uptime,level,tags foldmultilines=false

Environment Variables:
JAVA_HOME=C:\Program Files\Java\jdk-17
PATH=C:\Program Files\Java\jdk-17\bin;C:\Program Files\Java\jdk-17.0.2\bin;C:\Python312\Scripts\;C:\Python312\;C:\Program Files\Common Files\Oracle\Java\javapath;C:\ProgramData\Oracle\Java\javapath;C:\Program Files (x86)\Common Files\Oracle\Java\javapath;C:\WINDOWS\system32;C:\WINDOWS;C:\WINDOWS\System32\Wbem;C:\WINDOWS\System32\WindowsPowerShell\v1.0\;C:\WINDOWS\System32\OpenSSH\;C:\MinGW\bin;C:\Program Files\nodejs\;C:\ProgramData\chocolatey\bin;C:\Program Files\Java\jdk-23\bin;C:\Program Files (x86)\Microchip\MPLAB C32 Suite\bin;C:\Program Files\Git\cmd;C:\Users\ASUS\Downloads\flutter_windows_3.27.2-stable\flutter\bin;C:\Program Files\dotnet\;C:\Users\ASUS\AppData\Local\Android\Sdk\platform-tools;C:\Users\ASUS\AppData\Local\Android\Sdk\emulator;C:\Users\ASUS\AppData\Local\Android\Sdk\cmdline-tools\latest\bin;C:\Users\ASUS\AppData\Local\Android\Sdk\tools;C:\Users\ASUS\AppData\Local\Android\Sdk\tools\bin;C:\Program Files\MySQL\MySQL Shell 8.0\bin\;C:\Users\ASUS\AppData\Local\Microsoft\WindowsApps;C:\Users\ASUS\AppData\Local\Programs\Microsoft VS Code\bin;C:\Users\ASUS\AppData\Roaming\npm;C:\Users\ASUS\AppData\Local\GitHubDesktop\bin;C:\Users\ASUS\AppData\Local\Programs\MiKTeX\miktex\bin\x64\;C:\Users\ASUS\AppData\Local\Programs\cursor\resources\app\bin
USERNAME=ASUS
OS=Windows_NT
PROCESSOR_IDENTIFIER=AMD64 Family 23 Model 104 Stepping 1, AuthenticAMD
TMP=C:\Users\ASUS\AppData\Local\Temp
TEMP=C:\Users\ASUS\AppData\Local\Temp




Periodic native trim disabled

---------------  S Y S T E M  ---------------

OS:
 Windows 11 , 64 bit Build 26100 (10.0.26100.4768)
OS uptime: 2 days 18:10 hours
Hyper-V role detected

CPU: total 16 (initial active 16) (16 cores per cpu, 2 threads per core) family 23 model 104 stepping 1 microcode 0x8608103, cx8, cmov, fxsr, ht, mmx, 3dnowpref, sse, sse2, sse3, ssse3, sse4a, sse4.1, sse4.2, popcnt, lzcnt, tsc, tscinvbit, avx, avx2, aes, clmul, bmi1, bmi2, adx, sha, fma, vzeroupper, clflush, clflushopt, hv, rdtscp, rdpid, f16c
Processor Information for the first 16 processors :
  Max Mhz: 1801, Current Mhz: 1801, Mhz Limit: 1801

Memory: 4k page, system-wide physical 7563M (337M free)
TotalPageFile size 31115M (AvailPageFile size 100M)
current process WorkingSet (physical memory assigned to process): 55M, peak: 1476M
current process commit charge ("private bytes"): 1509M, peak: 1829M

vm_info: OpenJDK 64-Bit Server VM (21.0.8+9-LTS) for windows-amd64 JRE (21.0.8+9-LTS), built on 2025-07-15T00:00:00Z by "admin" with MS VC++ 17.7 (VS2022)

END.
